\BOOKMARK [1][-]{section.1}{\376\377\000I\000n\000t\000r\000o\000d\000u\000c\000t\000i\000o\000n}{}% 1
\BOOKMARK [1][-]{section.2}{\376\377\000R\000e\000l\000a\000t\000e\000d\000\040\000W\000o\000r\000k}{}% 2
\BOOKMARK [2][-]{subsection.2.1}{\376\377\000S\000a\000m\000p\000l\000i\000n\000g\000-\000b\000a\000s\000e\000d\000\040\000a\000p\000p\000r\000o\000a\000c\000h\000.}{section.2}% 3
\BOOKMARK [2][-]{subsection.2.2}{\376\377\000C\000o\000s\000t\000-\000s\000e\000n\000s\000i\000t\000i\000v\000e\000\040\000l\000e\000a\000r\000n\000i\000n\000g\000\040\000a\000p\000p\000r\000o\000a\000c\000h\000.}{section.2}% 4
\BOOKMARK [2][-]{subsection.2.3}{\376\377\000E\000n\000s\000e\000m\000p\000l\000e\000\040\000l\000e\000a\000r\000n\000i\000n\000g\000\040\000a\000p\000p\000r\000o\000a\000c\000h\000.}{section.2}% 5
\BOOKMARK [1][-]{section.3}{\376\377\000P\000r\000e\000l\000i\000m\000i\000n\000a\000r\000i\000e\000s}{}% 6
\BOOKMARK [2][-]{subsection.3.1}{\376\377\000I\000m\000b\000a\000l\000a\000n\000c\000e\000\040\000R\000a\000t\000i\000o\000\040\000\050\000I\000R\000\051}{section.3}% 7
\BOOKMARK [2][-]{subsection.3.2}{\376\377\000E\000v\000a\000l\000u\000a\000t\000i\000o\000n\000\040\000M\000e\000t\000r\000i\000c\000s}{section.3}% 8
\BOOKMARK [2][-]{subsection.3.3}{\376\377\000E\000n\000t\000r\000o\000p\000y\000-\000b\000a\000s\000e\000d\000\040\000A\000c\000t\000i\000v\000e\000\040\000L\000e\000a\000r\000n\000i\000n\000g\000\040}{section.3}% 9
\BOOKMARK [1][-]{section.4}{\376\377\000T\000h\000e\000\040\000P\000r\000o\000b\000l\000e\000m\000\040\000o\000f\000\040\000L\000e\000a\000r\000n\000i\000n\000g\000\040\000F\000r\000o\000m\000\040\000I\000m\000b\000a\000l\000a\000n\000c\000e\000d\000\040\000D\000a\000t\000a\000s\000e\000t\000s}{}% 10
\BOOKMARK [1][-]{section.5}{\376\377\000M\000e\000t\000h\000o\000d\000o\000l\000o\000g\000y}{}% 11
\BOOKMARK [2][-]{subsection.5.1}{\376\377\000M\000e\000t\000h\000o\000d\000o\000l\000o\000g\000y\000\040\000M\000o\000t\000i\000v\000a\000t\000i\000o\000n}{section.5}% 12
\BOOKMARK [2][-]{subsection.5.2}{\376\377\000G\000e\000n\000e\000r\000a\000t\000i\000n\000g\000\040\000m\000i\000n\000o\000r\000i\000t\000y\000\040\000s\000y\000n\000t\000h\000e\000t\000i\000c\000\040\000d\000a\000t\000a}{section.5}% 13
\BOOKMARK [2][-]{subsection.5.3}{\376\377\000A\000l\000g\000o\000r\000i\000t\000h\000m}{section.5}% 14
\BOOKMARK [1][-]{section.6}{\376\377\000A\000l\000g\000o\000r\000i\000t\000h\000m\000\040\000T\000i\000m\000e\000\040\000C\000o\000m\000p\000l\000e\000x\000i\000t\000y\000.}{}% 15
\BOOKMARK [1][-]{section.7}{\376\377\000E\000x\000p\000e\000r\000i\000m\000e\000n\000t\000s}{}% 16
\BOOKMARK [2][-]{subsection.7.1}{\376\377\000I\000m\000p\000l\000e\000m\000e\000n\000t\000a\000t\000i\000o\000n\000\040\000D\000e\000t\000a\000i\000l}{section.7}% 17
\BOOKMARK [3][-]{subsubsection.7.1.1}{\376\377\000S\000I\000M\000P\000O\000R\000\040\000s\000e\000t\000t\000i\000n\000g\000s}{subsection.7.1}% 18
\BOOKMARK [3][-]{subsubsection.7.1.2}{\376\377\000E\000v\000a\000l\000u\000a\000t\000i\000o\000n\000\040\000C\000l\000a\000s\000s\000i\000f\000i\000c\000a\000t\000i\000o\000n\000\040\000s\000e\000t\000t\000i\000n\000g\000s}{subsection.7.1}% 19
\BOOKMARK [2][-]{subsection.7.2}{\376\377\000S\000I\000M\000P\000O\000R\000\040\000o\000n\000\040\000a\000r\000t\000i\000f\000i\000c\000i\000a\000l\000\040\000M\000o\000o\000n\000\040\000d\000a\000t\000a\000s\000e\000t}{section.7}% 20
\BOOKMARK [3][-]{subsubsection.7.2.1}{\376\377\000R\000e\000s\000u\000l\000t\000s\000\040\000a\000n\000d\000\040\000D\000i\000s\000c\000u\000s\000s\000i\000o\000n}{subsection.7.2}% 21
\BOOKMARK [2][-]{subsection.7.3}{\376\377\000S\000I\000M\000P\000O\000R\000\040\000o\000n\000\040\000f\000o\000r\000t\000y\000-\000o\000n\000e\000\040\000r\000e\000a\000l\000\040\000d\000a\000t\000a\000s\000e\000t\000s}{section.7}% 22
\BOOKMARK [3][-]{figure.caption.12}{\376\377\000C\000l\000a\000s\000s\000i\000f\000i\000c\000a\000t\000i\000o\000n\000\040\000r\000e\000s\000u\000l\000t\000s}{subsection.7.3}% 23
\BOOKMARK [2][-]{subsection.7.4}{\376\377\000S\000t\000a\000t\000i\000s\000t\000i\000c\000a\000l\000\040\000T\000e\000s\000t\000.}{section.7}% 24
\BOOKMARK [2][-]{subsection.7.5}{\376\377\000D\000a\000t\000a\000\040\000v\000i\000s\000u\000a\000l\000i\000z\000a\000t\000i\000o\000n}{section.7}% 25
\BOOKMARK [2][-]{subsection.7.6}{\376\377\000P\000r\000o\000c\000e\000s\000s\000i\000n\000g\000\040\000T\000i\000m\000e\000.}{section.7}% 26
\BOOKMARK [2][-]{subsection.7.7}{\376\377\000E\000m\000p\000i\000r\000i\000c\000a\000l\000\040\000s\000t\000u\000d\000y\000\040\000o\000n\000\040\000t\000h\000e\000\040\000i\000m\000p\000a\000c\000t\000\040\000o\000f\000\040\000r\000a\000d\000i\000u\000s\000\040\000f\000a\000c\000t\000o\000r\000\040\000r\000.}{section.7}% 27
\BOOKMARK [2][-]{subsection.7.8}{\376\377\000E\000m\000p\000i\000r\000i\000c\000a\000l\000\040\000s\000t\000u\000d\000y\000\040\000o\000n\000\040\000t\000h\000e\000\040\000i\000m\000p\000a\000c\000t\000\040\000o\000f\000\040\000i\000n\000f\000o\000r\000m\000a\000t\000i\000v\000e\000\040\000p\000o\000r\000t\000i\000o\000n\000\040\000\050\000I\000P\000\051\000.}{section.7}% 28
\BOOKMARK [1][-]{section.8}{\376\377\000C\000o\000n\000c\000l\000u\000s\000i\000o\000n}{}% 29
\BOOKMARK [1][-]{section*.19}{\376\377\000R\000e\000f\000e\000r\000e\000n\000c\000e\000s}{}% 30
\BOOKMARK [1][-]{IEEEbiography.0}{\376\377\000B\000i\000o\000g\000r\000a\000p\000h\000i\000e\000s}{}% 31
\BOOKMARK [2][-]{IEEEbiography.1}{\376\377\000H\000u\000n\000g\000\040\000N\000g\000u\000y\000e\000n}{IEEEbiography.0}% 32
\BOOKMARK [2][-]{IEEEbiography.2}{\376\377\000J\000.\000\040\000M\000o\000r\000r\000i\000s\000\040\000C\000h\000a\000n\000g}{IEEEbiography.0}% 33
