This is pdfTeX, Version 3.141592653-2.6-1.40.23 (MiKTeX 21.8) (preloaded format=pdflatex 2021.12.10)  12 MAR 2023 03:12
entering extended mode
**./main.tex
(main.tex
LaTeX2e <2021-06-01> patch level 1
L3 programming layer <2021-08-27>
(C:\Users\Fanxeeng\AppData\Local\Programs\MiKTeX\tex/latex/graphics\color.sty
Package: color 2020/02/24 v1.2b Standard LaTeX Color (DPC)

(C:\Users\Fanxeeng\AppData\Local\Programs\MiKTeX\tex/latex/graphics-cfg\color.c
fg
File: color.cfg 2016/01/02 v1.6 sample color configuration
)
Package color Info: Driver file: pdftex.def on input line 149.

(C:\Users\Fanxeeng\AppData\Local\Programs\MiKTeX\tex/latex/graphics-def\pdftex.
def
File: pdftex.def 2020/10/05 v1.2a Graphics/color driver for pdftex
)) (usfmanus.cls
Document Class: usfmanus 2019/09/15 2.0 jbsubils University of South Florida Ma
nuscript Class

(C:\Users\Fanxeeng\AppData\Local\Programs\MiKTeX\tex/latex/setspace\setspace.st
y
Package: setspace 2011/12/19 v6.7a set line spacing
) (C:\Users\Fanxeeng\AppData\Local\Programs\MiKTeX\tex/latex/base\size12.clo
File: size12.clo 2021/02/12 v1.4n Standard LaTeX file (size option)
)
\c@chapter=\count182
\c@section=\count183
\c@subsection=\count184
\c@subsubsection=\count185
\c@paragraph=\count186
\c@subparagraph=\count187
\appendixheadheight=\skip47
\appendixheadsep=\skip48
\abovecaptionskip=\skip49
\belowcaptionskip=\skip50
\c@figure=\count188
\c@table=\count189
\bibindent=\dimen138
\andcount=\count190
\totalmembers=\count191
\majorcount=\count192
\membercount=\count193
\siglinelength=\skip51
\@majorproftitlelength=\skip52
\@majorprofnamelength=\skip53
)
(C:\Users\Fanxeeng\AppData\Local\Programs\MiKTeX\tex/latex/geometry\geometry.st
y
Package: geometry 2020/01/02 v5.9 Page Geometry

(C:\Users\Fanxeeng\AppData\Local\Programs\MiKTeX\tex/latex/graphics\keyval.sty
Package: keyval 2014/10/28 v1.15 key=value parser (DPC)
\KV@toks@=\toks16
) (C:\Users\Fanxeeng\AppData\Local\Programs\MiKTeX\tex/generic/iftex\ifvtex.sty
Package: ifvtex 2019/10/25 v1.7 ifvtex legacy package. Use iftex instead.

(C:\Users\Fanxeeng\AppData\Local\Programs\MiKTeX\tex/generic/iftex\iftex.sty
Package: iftex 2020/03/06 v1.0d TeX engine tests
))
\Gm@cnth=\count194
\Gm@cntv=\count195
\c@Gm@tempcnt=\count196
\Gm@bindingoffset=\dimen139
\Gm@wd@mp=\dimen140
\Gm@odd@mp=\dimen141
\Gm@even@mp=\dimen142
\Gm@layoutwidth=\dimen143
\Gm@layoutheight=\dimen144
\Gm@layouthoffset=\dimen145
\Gm@layoutvoffset=\dimen146
\Gm@dimlist=\toks17

(C:\Users\Fanxeeng\AppData\Local\Programs\MiKTeX\tex/latex/geometry\geometry.cf
g))
(C:\Users\Fanxeeng\AppData\Local\Programs\MiKTeX\tex/latex/base\inputenc.sty
Package: inputenc 2021/02/14 v1.3d Input encoding file
\inpenc@prehook=\toks18
\inpenc@posthook=\toks19
)
(C:\Users\Fanxeeng\AppData\Local\Programs\MiKTeX\tex/generic/iftex\ifpdf.sty
Package: ifpdf 2019/10/25 v3.4 ifpdf legacy package. Use iftex instead.
)
(C:\Users\Fanxeeng\AppData\Local\Programs\MiKTeX\tex/latex/tools\verbatim.sty
Package: verbatim 2020-07-07 v1.5u LaTeX2e package for verbatim enhancements
\every@verbatim=\toks20
\verbatim@line=\toks21
\verbatim@in@stream=\read2
)
(C:\Users\Fanxeeng\AppData\Local\Programs\MiKTeX\tex/latex/tocloft\tocloft.sty
Package: tocloft 2017/08/31 v2.3i parameterised ToC, etc., typesetting
Package tocloft Info: The document has chapter divisions on input line 51.
\cftparskip=\skip54
\cftbeforetoctitleskip=\skip55
\cftaftertoctitleskip=\skip56
\cftbeforechapskip=\skip57
\cftchapindent=\skip58
\cftchapnumwidth=\skip59
\cftbeforesecskip=\skip60
\cftsecindent=\skip61
\cftsecnumwidth=\skip62
\cftbeforesubsecskip=\skip63
\cftsubsecindent=\skip64
\cftsubsecnumwidth=\skip65
\cftbeforesubsubsecskip=\skip66
\cftsubsubsecindent=\skip67
\cftsubsubsecnumwidth=\skip68
\cftbeforeparaskip=\skip69
\cftparaindent=\skip70
\cftparanumwidth=\skip71
\cftbeforesubparaskip=\skip72
\cftsubparaindent=\skip73
\cftsubparanumwidth=\skip74
\cftbeforeloftitleskip=\skip75
\cftafterloftitleskip=\skip76
\cftbeforefigskip=\skip77
\cftfigindent=\skip78
\cftfignumwidth=\skip79
\c@lofdepth=\count197
\c@lotdepth=\count198
\cftbeforelottitleskip=\skip80
\cftafterlottitleskip=\skip81
\cftbeforetabskip=\skip82
\cfttabindent=\skip83
\cfttabnumwidth=\skip84
)
(C:\Users\Fanxeeng\AppData\Local\Programs\MiKTeX\tex/latex/multirow\multirow.st
y
Package: multirow 2021/03/15 v2.8 Span multiple rows of a table
\multirow@colwidth=\skip85
\multirow@cntb=\count199
\multirow@dima=\skip86
\bigstrutjot=\dimen147
) (C:\Users\Fanxeeng\AppData\Local\Programs\MiKTeX\tex/latex/url\url.sty
\Urlmuskip=\muskip16
Package: url 2013/09/16  ver 3.4  Verb mode for urls, etc.
)
(C:\Users\Fanxeeng\AppData\Local\Programs\MiKTeX\tex/latex/graphics\graphicx.st
y
Package: graphicx 2020/12/05 v1.2c Enhanced LaTeX Graphics (DPC,SPQR)

(C:\Users\Fanxeeng\AppData\Local\Programs\MiKTeX\tex/latex/graphics\graphics.st
y
Package: graphics 2021/03/04 v1.4d Standard LaTeX Graphics (DPC,SPQR)
 (C:\Users\Fanxeeng\AppData\Local\Programs\MiKTeX\tex/latex/graphics\trig.sty
Package: trig 2016/01/03 v1.10 sin cos tan (DPC)
)
(C:\Users\Fanxeeng\AppData\Local\Programs\MiKTeX\tex/latex/graphics-cfg\graphic
s.cfg
File: graphics.cfg 2016/06/04 v1.11 sample graphics configuration
)
Package graphics Info: Driver file: pdftex.def on input line 107.
)
\Gin@req@height=\dimen148
\Gin@req@width=\dimen149
)
(C:\Users\Fanxeeng\AppData\Local\Programs\MiKTeX\tex/latex/adjustbox\adjustbox.
sty
Package: adjustbox 2020/08/19 v1.3 Adjusting TeX boxes (trim, clip, ...)

(C:\Users\Fanxeeng\AppData\Local\Programs\MiKTeX\tex/latex/xkeyval\xkeyval.sty
Package: xkeyval 2020/11/20 v2.8 package option processing (HA)

(C:\Users\Fanxeeng\AppData\Local\Programs\MiKTeX\tex/generic/xkeyval\xkeyval.te
x
(C:\Users\Fanxeeng\AppData\Local\Programs\MiKTeX\tex/generic/xkeyval\xkvutils.t
ex
\XKV@toks=\toks22
\XKV@tempa@toks=\toks23
)
\XKV@depth=\count266
File: xkeyval.tex 2014/12/03 v2.7a key=value parser (HA)
))
(C:\Users\Fanxeeng\AppData\Local\Programs\MiKTeX\tex/latex/adjustbox\adjcalc.st
y
Package: adjcalc 2012/05/16 v1.1 Provides advanced setlength with multiple back
-ends (calc, etex, pgfmath)
)
(C:\Users\Fanxeeng\AppData\Local\Programs\MiKTeX\tex/latex/adjustbox\trimclip.s
ty
Package: trimclip 2020/08/19 v1.2 Trim and clip general TeX material

(C:\Users\Fanxeeng\AppData\Local\Programs\MiKTeX\tex/latex/collectbox\collectbo
x.sty
Package: collectbox 2012/05/17 v0.4b Collect macro arguments as boxes
\collectedbox=\box50
)
\tc@llx=\dimen150
\tc@lly=\dimen151
\tc@urx=\dimen152
\tc@ury=\dimen153
Package trimclip Info: Using driver 'tc-pdftex.def'.

(C:\Users\Fanxeeng\AppData\Local\Programs\MiKTeX\tex/latex/adjustbox\tc-pdftex.
def
File: tc-pdftex.def 2019/01/04 v2.2 Clipping driver for pdftex
))
\adjbox@Width=\dimen154
\adjbox@Height=\dimen155
\adjbox@Depth=\dimen156
\adjbox@Totalheight=\dimen157
\adjbox@pwidth=\dimen158
\adjbox@pheight=\dimen159
\adjbox@pdepth=\dimen160
\adjbox@ptotalheight=\dimen161

(C:\Users\Fanxeeng\AppData\Local\Programs\MiKTeX\tex/latex/ifoddpage\ifoddpage.
sty
Package: ifoddpage 2016/04/23 v1.1 Conditionals for odd/even page detection
\c@checkoddpage=\count267
)
(C:\Users\Fanxeeng\AppData\Local\Programs\MiKTeX\tex/latex/varwidth\varwidth.st
y
Package: varwidth 2009/03/30 ver 0.92;  Variable-width minipages
\@vwid@box=\box51
\sift@deathcycles=\count268
\@vwid@loff=\dimen162
\@vwid@roff=\dimen163
))
(C:\Users\Fanxeeng\AppData\Local\Programs\MiKTeX\tex/latex/floatrow\floatrow.st
y
Package: floatrow 2008/08/02 v0.3b floatrow: float package extension

(C:\Users\Fanxeeng\AppData\Local\Programs\MiKTeX\tex/latex/caption\caption3.sty
Package: caption3 2020/10/21 v2.2e caption3 kernel (AR)
\captionmargin=\dimen164
\captionmargin@=\dimen165
\captionwidth=\dimen166
\caption@tempdima=\dimen167
\caption@indent=\dimen168
\caption@parindent=\dimen169
\caption@hangindent=\dimen170
Package caption Info: Unknown document class (or package),
(caption)             standard defaults will be used.
Package caption Info: \@makecaption = \long macro:#1#2->\vskip \abovecaptionski
p \sbox \@tempboxa {#1\figurenamesep \ #2}\ifdim \wd \@tempboxa >\hsize #1\figu
renamesep \ #2\par \else \hbox to\hsize {\hfil \box \@tempboxa \hfil }\fi \vski
p \belowcaptionskip  on input line 1139.
)
\c@float@type=\count269
\float@exts=\toks24
\float@box=\box52
\@floatcapt=\box53
Package floatrow Info: Modified float package code loaded on input line 455.
Package floatrow Info: Modified rotfloat package code loaded on input line 473.

\FR@everyfloat=\toks25
\flrow@foot=\insert252
\FB@wd=\dimen171
\FBo@wd=\dimen172
\FBc@wd=\dimen173
\FBo@ht=\skip87
\FBc@ht=\skip88
\FBf@ht=\skip89
\FBo@max=\skip90
\FBc@max=\skip91
\FBf@max=\skip92
\c@FBl@b=\count270
\floatbox@depth=\count271
\c@FRobj=\count272
\c@FRsobj=\count273
\Xhsize=\skip93
\sXhsize=\skip94
\Zhsize=\skip95
\sZhsize=\skip96
\flrow@rowbox=\box54
\FR@Zunitlength=\dimen174
\c@FBcnt=\count274
\FPOScnt=\count275
\LTleft=\skip97
\LTright=\skip98
\LTleft=\skip99
\LTright=\skip100
\flrow@types=\toks26
) (C:\Users\Fanxeeng\AppData\Local\Programs\MiKTeX\tex/latex/amscls\amsthm.sty
Package: amsthm 2020/05/29 v2.20.6
\thm@style=\toks27
\thm@bodyfont=\toks28
\thm@headfont=\toks29
\thm@notefont=\toks30
\thm@headpunct=\toks31
\thm@preskip=\skip101
\thm@postskip=\skip102
\thm@headsep=\skip103
\dth@everypar=\toks32
)
(C:\Users\Fanxeeng\AppData\Local\Programs\MiKTeX\tex/latex/amsmath\amsmath.sty
Package: amsmath 2021/04/20 v2.17j AMS math features
\@mathmargin=\skip104

For additional information on amsmath, use the `?' option.
(C:\Users\Fanxeeng\AppData\Local\Programs\MiKTeX\tex/latex/amsmath\amstext.sty
Package: amstext 2000/06/29 v2.01 AMS text

(C:\Users\Fanxeeng\AppData\Local\Programs\MiKTeX\tex/latex/amsmath\amsgen.sty
File: amsgen.sty 1999/11/30 v2.0 generic functions
\@emptytoks=\toks33
\ex@=\dimen175
)) (C:\Users\Fanxeeng\AppData\Local\Programs\MiKTeX\tex/latex/amsmath\amsbsy.st
y
Package: amsbsy 1999/11/29 v1.2d Bold Symbols
\pmbraise@=\dimen176
) (C:\Users\Fanxeeng\AppData\Local\Programs\MiKTeX\tex/latex/amsmath\amsopn.sty
Package: amsopn 2016/03/08 v2.02 operator names
)
\inf@bad=\count276
LaTeX Info: Redefining \frac on input line 234.
\uproot@=\count277
\leftroot@=\count278
LaTeX Info: Redefining \overline on input line 399.
\classnum@=\count279
\DOTSCASE@=\count280
LaTeX Info: Redefining \ldots on input line 496.
LaTeX Info: Redefining \dots on input line 499.
LaTeX Info: Redefining \cdots on input line 620.
\Mathstrutbox@=\box55
\strutbox@=\box56
\big@size=\dimen177
LaTeX Font Info:    Redeclaring font encoding OML on input line 743.
LaTeX Font Info:    Redeclaring font encoding OMS on input line 744.
\macc@depth=\count281
\c@MaxMatrixCols=\count282
\dotsspace@=\muskip17
\c@parentequation=\count283
\dspbrk@lvl=\count284
\tag@help=\toks34
\row@=\count285
\column@=\count286
\maxfields@=\count287
\andhelp@=\toks35
\eqnshift@=\dimen178
\alignsep@=\dimen179
\tagshift@=\dimen180
\tagwidth@=\dimen181
\totwidth@=\dimen182
\lineht@=\dimen183
\@envbody=\toks36
\multlinegap=\skip105
\multlinetaggap=\skip106
\mathdisplay@stack=\toks37
LaTeX Info: Redefining \[ on input line 2923.
LaTeX Info: Redefining \] on input line 2924.
)
(C:\Users\Fanxeeng\AppData\Local\Programs\MiKTeX\tex/latex/amsfonts\amssymb.sty
Package: amssymb 2013/01/14 v3.01 AMS font symbols

(C:\Users\Fanxeeng\AppData\Local\Programs\MiKTeX\tex/latex/amsfonts\amsfonts.st
y
Package: amsfonts 2013/01/14 v3.01 Basic AMSFonts support
\symAMSa=\mathgroup4
\symAMSb=\mathgroup5
LaTeX Font Info:    Redeclaring math symbol \hbar on input line 98.
LaTeX Font Info:    Overwriting math alphabet `\mathfrak' in version `bold'
(Font)                  U/euf/m/n --> U/euf/b/n on input line 106.
)) (C:\Users\Fanxeeng\AppData\Local\Programs\MiKTeX\tex/latex/base\alltt.sty
Package: alltt 2021/01/29 v2.0g defines alltt environment
)
(C:\Users\Fanxeeng\AppData\Local\Programs\MiKTeX\tex/latex/leftidx\leftidx.sty
Package: leftidx 2003/09/24 v1.03 Left indices
) (C:\Users\Fanxeeng\AppData\Local\Programs\MiKTeX\tex/latex/graphics\epsfig.st
y
Package: epsfig 2017/06/25 v1.7b (e)psfig emulation (SPQR)
\epsfxsize=\dimen184
\epsfysize=\dimen185
)
(C:\Users\Fanxeeng\AppData\Local\Programs\MiKTeX\tex/latex/appendix\appendix.st
y
Package: appendix 2020/02/08 v1.2c extra appendix facilities


Package appendix Warning: No \appendix command in this document class!
(appendix)                Trying to create an appendix will probably fail.

\c@@pps=\count288
\c@@ppsavesec=\count289
\c@@ppsaveapp=\count290
)
(C:\Users\Fanxeeng\AppData\Local\Programs\MiKTeX\tex/latex/algorithms\algorithm
.sty
Package: algorithm 2009/08/24 v0.1 Document Style `algorithm' - floating enviro
nment
 (C:\Users\Fanxeeng\AppData\Local\Programs\MiKTeX\tex/latex/base\ifthen.sty
Package: ifthen 2020/11/24 v1.1c Standard LaTeX ifthen package (DPC)
)
\c@algorithm=\count291
)
(C:\Users\Fanxeeng\AppData\Local\Programs\MiKTeX\tex/latex/algorithms\algorithm
ic.sty
Package: algorithmic 2009/08/24 v0.1 Document Style `algorithmic'
\c@ALC@unique=\count292
\c@ALC@line=\count293
\c@ALC@rem=\count294
\c@ALC@depth=\count295
\ALC@tlm=\skip107
\algorithmicindent=\skip108
)
(C:\Users\Fanxeeng\AppData\Local\Programs\MiKTeX\tex/generic/babel\babel.sty
Package: babel 2021/07/22 3.63 The Babel package

(C:\Users\Fanxeeng\AppData\Local\Programs\MiKTeX\tex/generic/babel\babel.def
File: babel.def 2021/07/22 3.63 Babel common definitions
\babel@savecnt=\count296
\U@D=\dimen186
\l@unhyphenated=\language79

(C:\Users\Fanxeeng\AppData\Local\Programs\MiKTeX\tex/generic/babel\txtbabel.def
)
\bbl@readstream=\read3
)
\bbl@dirlevel=\count297

*************************************
* Local config file bblopts.cfg used
*
(C:\Users\Fanxeeng\AppData\Local\Programs\MiKTeX\tex/latex/arabi\bblopts.cfg
File: bblopts.cfg 2005/09/08 v0.1 add Arabic and Farsi to "declared" options of
 babel
)
(C:\Users\Fanxeeng\AppData\Local\Programs\MiKTeX\tex/latex/babel-english\englis
h.ldf
Language: english 2017/06/06 v3.3r English support from the babel system
Package babel Info: Hyphen rules for 'canadian' set to \l@english
(babel)             (\language0). Reported on input line 102.
Package babel Info: Hyphen rules for 'australian' set to \l@ukenglish
(babel)             (\language73). Reported on input line 105.
Package babel Info: Hyphen rules for 'newzealand' set to \l@ukenglish
(babel)             (\language73). Reported on input line 108.
))
(C:\Users\Fanxeeng\AppData\Local\Programs\MiKTeX\tex/latex/enumitem\enumitem.st
y
Package: enumitem 2019/06/20 v3.9 Customized lists
\labelindent=\skip109
\enit@outerparindent=\dimen187
\enit@toks=\toks38
\enit@inbox=\box57
\enit@count@id=\count298
\enitdp@description=\count299
)
(C:\Users\Fanxeeng\AppData\Local\Programs\MiKTeX\tex/latex/tools\tabularx.sty
Package: tabularx 2020/01/15 v2.11c `tabularx' package (DPC)

(C:\Users\Fanxeeng\AppData\Local\Programs\MiKTeX\tex/latex/tools\array.sty
Package: array 2021/04/20 v2.5e Tabular extension package (FMi)
\col@sep=\dimen188
\ar@mcellbox=\box58
\extrarowheight=\dimen189
\NC@list=\toks39
\extratabsurround=\skip110
\backup@length=\skip111
\ar@cellbox=\box59
)
\TX@col@width=\dimen190
\TX@old@table=\dimen191
\TX@old@col=\dimen192
\TX@target=\dimen193
\TX@delta=\dimen194
\TX@cols=\count300
\TX@ftn=\toks40
)
(C:\Users\Fanxeeng\AppData\Local\Programs\MiKTeX\tex/latex/comment\comment.sty
\CommentStream=\write3

Excluding comment 'comment')
(C:\Users\Fanxeeng\AppData\Local\Programs\MiKTeX\tex/latex/base\textcomp.sty
Package: textcomp 2020/02/02 v2.0n Standard LaTeX package
)
(C:\Users\Fanxeeng\AppData\Local\Programs\MiKTeX\tex/latex/xcolor\xcolor.sty
Package: xcolor 2016/05/11 v2.12 LaTeX color extensions (UK)

(C:\Users\Fanxeeng\AppData\Local\Programs\MiKTeX\tex/latex/graphics-cfg\color.c
fg
File: color.cfg 2016/01/02 v1.6 sample color configuration
)
Package xcolor Info: Driver file: pdftex.def on input line 225.
LaTeX Info: Redefining \color on input line 709.
Package xcolor Info: Model `cmy' substituted by `cmy0' on input line 1348.
Package xcolor Info: Model `hsb' substituted by `rgb' on input line 1352.
Package xcolor Info: Model `RGB' extended on input line 1364.
Package xcolor Info: Model `HTML' substituted by `rgb' on input line 1366.
Package xcolor Info: Model `Hsb' substituted by `hsb' on input line 1367.
Package xcolor Info: Model `tHsb' substituted by `hsb' on input line 1368.
Package xcolor Info: Model `HSB' substituted by `hsb' on input line 1369.
Package xcolor Info: Model `Gray' substituted by `gray' on input line 1370.
Package xcolor Info: Model `wave' substituted by `hsb' on input line 1371.
)
(C:\Users\Fanxeeng\AppData\Local\Programs\MiKTeX\tex/latex/caption\caption.sty
Package: caption 2020/10/26 v3.5g Customizing captions (AR)


Package caption Warning: Unknown document class (or package),
(caption)                standard defaults will be used.
See the caption package documentation for explanation.

\c@caption@flags=\count301
\c@continuedfloat=\count302
Package caption Info: float package is loaded.
Package caption Info: floatrow package is loaded.
)
(C:\Users\Fanxeeng\AppData\Local\Programs\MiKTeX\tex/latex/caption\subcaption.s
ty
Package: subcaption 2020/10/07 v1.3j Sub-captions (AR)
\c@subfigure=\count303
\c@subtable=\count304
)
(C:\Users\Fanxeeng\AppData\Local\Programs\MiKTeX\tex/latex/preprint\balance.sty
Package: balance 1999/02/23 4.3 (PWD)
\oldvsize=\dimen195
)
(C:\Users\Fanxeeng\AppData\Local\Programs\MiKTeX\tex/latex/colortbl\colortbl.st
y
Package: colortbl 2020/01/04 v1.0e Color table columns (DPC)
\everycr=\toks41
\minrowclearance=\skip112
)
(C:\Users\Fanxeeng\AppData\Local\Programs\MiKTeX\tex/latex/booktabs\booktabs.st
y
Package: booktabs 2020/01/12 v1.61803398 Publication quality tables
\heavyrulewidth=\dimen196
\lightrulewidth=\dimen197
\cmidrulewidth=\dimen198
\belowrulesep=\dimen199
\belowbottomsep=\dimen256
\aboverulesep=\dimen257
\abovetopsep=\dimen258
\cmidrulesep=\dimen259
\cmidrulekern=\dimen260
\defaultaddspace=\dimen261
\@cmidla=\count305
\@cmidlb=\count306
\@aboverulesep=\dimen262
\@belowrulesep=\dimen263
\@thisruleclass=\count307
\@lastruleclass=\count308
\@thisrulewidth=\dimen264
) (C:\Users\Fanxeeng\AppData\Local\Programs\MiKTeX\tex/latex/tools\hhline.sty
Package: hhline 2020/01/04 v2.04 Table rule package (DPC)
)
(C:\Users\Fanxeeng\AppData\Local\Programs\MiKTeX\tex/latex/pgf/basiclayer\pgf.s
ty
(C:\Users\Fanxeeng\AppData\Local\Programs\MiKTeX\tex/latex/pgf/utilities\pgfrcs
.sty
(C:\Users\Fanxeeng\AppData\Local\Programs\MiKTeX\tex/generic/pgf/utilities\pgfu
til-common.tex
\pgfutil@everybye=\toks42
\pgfutil@tempdima=\dimen265
\pgfutil@tempdimb=\dimen266

(C:\Users\Fanxeeng\AppData\Local\Programs\MiKTeX\tex/generic/pgf/utilities\pgfu
til-common-lists.tex))
(C:\Users\Fanxeeng\AppData\Local\Programs\MiKTeX\tex/generic/pgf/utilities\pgfu
til-latex.def
\pgfutil@abb=\box60
)
(C:\Users\Fanxeeng\AppData\Local\Programs\MiKTeX\tex/generic/pgf/utilities\pgfr
cs.code.tex
(C:\Users\Fanxeeng\AppData\Local\Programs\MiKTeX\tex/generic/pgf\pgf.revision.t
ex)
Package: pgfrcs 2021/05/15 v3.1.9a (3.1.9a)
))
Package: pgf 2021/05/15 v3.1.9a (3.1.9a)

(C:\Users\Fanxeeng\AppData\Local\Programs\MiKTeX\tex/latex/pgf/basiclayer\pgfco
re.sty
(C:\Users\Fanxeeng\AppData\Local\Programs\MiKTeX\tex/latex/pgf/systemlayer\pgfs
ys.sty
(C:\Users\Fanxeeng\AppData\Local\Programs\MiKTeX\tex/generic/pgf/systemlayer\pg
fsys.code.tex
Package: pgfsys 2021/05/15 v3.1.9a (3.1.9a)

(C:\Users\Fanxeeng\AppData\Local\Programs\MiKTeX\tex/generic/pgf/utilities\pgfk
eys.code.tex
\pgfkeys@pathtoks=\toks43
\pgfkeys@temptoks=\toks44

(C:\Users\Fanxeeng\AppData\Local\Programs\MiKTeX\tex/generic/pgf/utilities\pgfk
eysfiltered.code.tex
\pgfkeys@tmptoks=\toks45
))
\pgf@x=\dimen267
\pgf@y=\dimen268
\pgf@xa=\dimen269
\pgf@ya=\dimen270
\pgf@xb=\dimen271
\pgf@yb=\dimen272
\pgf@xc=\dimen273
\pgf@yc=\dimen274
\pgf@xd=\dimen275
\pgf@yd=\dimen276
\w@pgf@writea=\write4
\r@pgf@reada=\read4
\c@pgf@counta=\count309
\c@pgf@countb=\count310
\c@pgf@countc=\count311
\c@pgf@countd=\count312
\t@pgf@toka=\toks46
\t@pgf@tokb=\toks47
\t@pgf@tokc=\toks48
\pgf@sys@id@count=\count313

(C:\Users\Fanxeeng\AppData\Local\Programs\MiKTeX\tex/generic/pgf/systemlayer\pg
f.cfg
File: pgf.cfg 2021/05/15 v3.1.9a (3.1.9a)
)
Driver file for pgf: pgfsys-pdftex.def

(C:\Users\Fanxeeng\AppData\Local\Programs\MiKTeX\tex/generic/pgf/systemlayer\pg
fsys-pdftex.def
File: pgfsys-pdftex.def 2021/05/15 v3.1.9a (3.1.9a)

(C:\Users\Fanxeeng\AppData\Local\Programs\MiKTeX\tex/generic/pgf/systemlayer\pg
fsys-common-pdf.def
File: pgfsys-common-pdf.def 2021/05/15 v3.1.9a (3.1.9a)
)))
(C:\Users\Fanxeeng\AppData\Local\Programs\MiKTeX\tex/generic/pgf/systemlayer\pg
fsyssoftpath.code.tex
File: pgfsyssoftpath.code.tex 2021/05/15 v3.1.9a (3.1.9a)
\pgfsyssoftpath@smallbuffer@items=\count314
\pgfsyssoftpath@bigbuffer@items=\count315
)
(C:\Users\Fanxeeng\AppData\Local\Programs\MiKTeX\tex/generic/pgf/systemlayer\pg
fsysprotocol.code.tex
File: pgfsysprotocol.code.tex 2021/05/15 v3.1.9a (3.1.9a)
))
(C:\Users\Fanxeeng\AppData\Local\Programs\MiKTeX\tex/generic/pgf/basiclayer\pgf
core.code.tex
Package: pgfcore 2021/05/15 v3.1.9a (3.1.9a)

(C:\Users\Fanxeeng\AppData\Local\Programs\MiKTeX\tex/generic/pgf/math\pgfmath.c
ode.tex
(C:\Users\Fanxeeng\AppData\Local\Programs\MiKTeX\tex/generic/pgf/math\pgfmathca
lc.code.tex
(C:\Users\Fanxeeng\AppData\Local\Programs\MiKTeX\tex/generic/pgf/math\pgfmathut
il.code.tex)
(C:\Users\Fanxeeng\AppData\Local\Programs\MiKTeX\tex/generic/pgf/math\pgfmathpa
rser.code.tex
\pgfmath@dimen=\dimen277
\pgfmath@count=\count316
\pgfmath@box=\box61
\pgfmath@toks=\toks49
\pgfmath@stack@operand=\toks50
\pgfmath@stack@operation=\toks51
)
(C:\Users\Fanxeeng\AppData\Local\Programs\MiKTeX\tex/generic/pgf/math\pgfmathfu
nctions.code.tex
(C:\Users\Fanxeeng\AppData\Local\Programs\MiKTeX\tex/generic/pgf/math\pgfmathfu
nctions.basic.code.tex)
(C:\Users\Fanxeeng\AppData\Local\Programs\MiKTeX\tex/generic/pgf/math\pgfmathfu
nctions.trigonometric.code.tex)
(C:\Users\Fanxeeng\AppData\Local\Programs\MiKTeX\tex/generic/pgf/math\pgfmathfu
nctions.random.code.tex)
(C:\Users\Fanxeeng\AppData\Local\Programs\MiKTeX\tex/generic/pgf/math\pgfmathfu
nctions.comparison.code.tex)
(C:\Users\Fanxeeng\AppData\Local\Programs\MiKTeX\tex/generic/pgf/math\pgfmathfu
nctions.base.code.tex)
(C:\Users\Fanxeeng\AppData\Local\Programs\MiKTeX\tex/generic/pgf/math\pgfmathfu
nctions.round.code.tex)
(C:\Users\Fanxeeng\AppData\Local\Programs\MiKTeX\tex/generic/pgf/math\pgfmathfu
nctions.misc.code.tex)
(C:\Users\Fanxeeng\AppData\Local\Programs\MiKTeX\tex/generic/pgf/math\pgfmathfu
nctions.integerarithmetics.code.tex)))
(C:\Users\Fanxeeng\AppData\Local\Programs\MiKTeX\tex/generic/pgf/math\pgfmathfl
oat.code.tex
\c@pgfmathroundto@lastzeros=\count317
))
(C:\Users\Fanxeeng\AppData\Local\Programs\MiKTeX\tex/generic/pgf/math\pgfint.co
de.tex)
(C:\Users\Fanxeeng\AppData\Local\Programs\MiKTeX\tex/generic/pgf/basiclayer\pgf
corepoints.code.tex
File: pgfcorepoints.code.tex 2021/05/15 v3.1.9a (3.1.9a)
\pgf@picminx=\dimen278
\pgf@picmaxx=\dimen279
\pgf@picminy=\dimen280
\pgf@picmaxy=\dimen281
\pgf@pathminx=\dimen282
\pgf@pathmaxx=\dimen283
\pgf@pathminy=\dimen284
\pgf@pathmaxy=\dimen285
\pgf@xx=\dimen286
\pgf@xy=\dimen287
\pgf@yx=\dimen288
\pgf@yy=\dimen289
\pgf@zx=\dimen290
\pgf@zy=\dimen291
)
(C:\Users\Fanxeeng\AppData\Local\Programs\MiKTeX\tex/generic/pgf/basiclayer\pgf
corepathconstruct.code.tex
File: pgfcorepathconstruct.code.tex 2021/05/15 v3.1.9a (3.1.9a)
\pgf@path@lastx=\dimen292
\pgf@path@lasty=\dimen293
)
(C:\Users\Fanxeeng\AppData\Local\Programs\MiKTeX\tex/generic/pgf/basiclayer\pgf
corepathusage.code.tex
File: pgfcorepathusage.code.tex 2021/05/15 v3.1.9a (3.1.9a)
\pgf@shorten@end@additional=\dimen294
\pgf@shorten@start@additional=\dimen295
)
(C:\Users\Fanxeeng\AppData\Local\Programs\MiKTeX\tex/generic/pgf/basiclayer\pgf
corescopes.code.tex
File: pgfcorescopes.code.tex 2021/05/15 v3.1.9a (3.1.9a)
\pgfpic=\box62
\pgf@hbox=\box63
\pgf@layerbox@main=\box64
\pgf@picture@serial@count=\count318
)
(C:\Users\Fanxeeng\AppData\Local\Programs\MiKTeX\tex/generic/pgf/basiclayer\pgf
coregraphicstate.code.tex
File: pgfcoregraphicstate.code.tex 2021/05/15 v3.1.9a (3.1.9a)
\pgflinewidth=\dimen296
)
(C:\Users\Fanxeeng\AppData\Local\Programs\MiKTeX\tex/generic/pgf/basiclayer\pgf
coretransformations.code.tex
File: pgfcoretransformations.code.tex 2021/05/15 v3.1.9a (3.1.9a)
\pgf@pt@x=\dimen297
\pgf@pt@y=\dimen298
\pgf@pt@temp=\dimen299
)
(C:\Users\Fanxeeng\AppData\Local\Programs\MiKTeX\tex/generic/pgf/basiclayer\pgf
corequick.code.tex
File: pgfcorequick.code.tex 2021/05/15 v3.1.9a (3.1.9a)
)
(C:\Users\Fanxeeng\AppData\Local\Programs\MiKTeX\tex/generic/pgf/basiclayer\pgf
coreobjects.code.tex
File: pgfcoreobjects.code.tex 2021/05/15 v3.1.9a (3.1.9a)
)
(C:\Users\Fanxeeng\AppData\Local\Programs\MiKTeX\tex/generic/pgf/basiclayer\pgf
corepathprocessing.code.tex
File: pgfcorepathprocessing.code.tex 2021/05/15 v3.1.9a (3.1.9a)
)
(C:\Users\Fanxeeng\AppData\Local\Programs\MiKTeX\tex/generic/pgf/basiclayer\pgf
corearrows.code.tex
File: pgfcorearrows.code.tex 2021/05/15 v3.1.9a (3.1.9a)
\pgfarrowsep=\dimen300
)
(C:\Users\Fanxeeng\AppData\Local\Programs\MiKTeX\tex/generic/pgf/basiclayer\pgf
coreshade.code.tex
File: pgfcoreshade.code.tex 2021/05/15 v3.1.9a (3.1.9a)
\pgf@max=\dimen301
\pgf@sys@shading@range@num=\count319
\pgf@shadingcount=\count320
)
(C:\Users\Fanxeeng\AppData\Local\Programs\MiKTeX\tex/generic/pgf/basiclayer\pgf
coreimage.code.tex
File: pgfcoreimage.code.tex 2021/05/15 v3.1.9a (3.1.9a)

(C:\Users\Fanxeeng\AppData\Local\Programs\MiKTeX\tex/generic/pgf/basiclayer\pgf
coreexternal.code.tex
File: pgfcoreexternal.code.tex 2021/05/15 v3.1.9a (3.1.9a)
\pgfexternal@startupbox=\box65
))
(C:\Users\Fanxeeng\AppData\Local\Programs\MiKTeX\tex/generic/pgf/basiclayer\pgf
corelayers.code.tex
File: pgfcorelayers.code.tex 2021/05/15 v3.1.9a (3.1.9a)
)
(C:\Users\Fanxeeng\AppData\Local\Programs\MiKTeX\tex/generic/pgf/basiclayer\pgf
coretransparency.code.tex
File: pgfcoretransparency.code.tex 2021/05/15 v3.1.9a (3.1.9a)
)
(C:\Users\Fanxeeng\AppData\Local\Programs\MiKTeX\tex/generic/pgf/basiclayer\pgf
corepatterns.code.tex
File: pgfcorepatterns.code.tex 2021/05/15 v3.1.9a (3.1.9a)
)
(C:\Users\Fanxeeng\AppData\Local\Programs\MiKTeX\tex/generic/pgf/basiclayer\pgf
corerdf.code.tex
File: pgfcorerdf.code.tex 2021/05/15 v3.1.9a (3.1.9a)
)))
(C:\Users\Fanxeeng\AppData\Local\Programs\MiKTeX\tex/generic/pgf/modules\pgfmod
uleshapes.code.tex
File: pgfmoduleshapes.code.tex 2021/05/15 v3.1.9a (3.1.9a)
\pgfnodeparttextbox=\box66
)
(C:\Users\Fanxeeng\AppData\Local\Programs\MiKTeX\tex/generic/pgf/modules\pgfmod
uleplot.code.tex
File: pgfmoduleplot.code.tex 2021/05/15 v3.1.9a (3.1.9a)
)
(C:\Users\Fanxeeng\AppData\Local\Programs\MiKTeX\tex/latex/pgf/compatibility\pg
fcomp-version-0-65.sty
Package: pgfcomp-version-0-65 2021/05/15 v3.1.9a (3.1.9a)
\pgf@nodesepstart=\dimen302
\pgf@nodesepend=\dimen303
)
(C:\Users\Fanxeeng\AppData\Local\Programs\MiKTeX\tex/latex/pgf/compatibility\pg
fcomp-version-1-18.sty
Package: pgfcomp-version-1-18 2021/05/15 v3.1.9a (3.1.9a)
))
(C:\Users\Fanxeeng\AppData\Local\Programs\MiKTeX\tex/latex/pgf/frontendlayer\ti
kz.sty
(C:\Users\Fanxeeng\AppData\Local\Programs\MiKTeX\tex/latex/pgf/utilities\pgffor
.sty
(C:\Users\Fanxeeng\AppData\Local\Programs\MiKTeX\tex/latex/pgf/utilities\pgfkey
s.sty
(C:\Users\Fanxeeng\AppData\Local\Programs\MiKTeX\tex/generic/pgf/utilities\pgfk
eys.code.tex))
(C:\Users\Fanxeeng\AppData\Local\Programs\MiKTeX\tex/latex/pgf/math\pgfmath.sty

(C:\Users\Fanxeeng\AppData\Local\Programs\MiKTeX\tex/generic/pgf/math\pgfmath.c
ode.tex))
(C:\Users\Fanxeeng\AppData\Local\Programs\MiKTeX\tex/generic/pgf/utilities\pgff
or.code.tex
Package: pgffor 2021/05/15 v3.1.9a (3.1.9a)

(C:\Users\Fanxeeng\AppData\Local\Programs\MiKTeX\tex/generic/pgf/math\pgfmath.c
ode.tex)
\pgffor@iter=\dimen304
\pgffor@skip=\dimen305
\pgffor@stack=\toks52
\pgffor@toks=\toks53
))
(C:\Users\Fanxeeng\AppData\Local\Programs\MiKTeX\tex/generic/pgf/frontendlayer/
tikz\tikz.code.tex
Package: tikz 2021/05/15 v3.1.9a (3.1.9a)

(C:\Users\Fanxeeng\AppData\Local\Programs\MiKTeX\tex/generic/pgf/libraries\pgfl
ibraryplothandlers.code.tex
File: pgflibraryplothandlers.code.tex 2021/05/15 v3.1.9a (3.1.9a)
\pgf@plot@mark@count=\count321
\pgfplotmarksize=\dimen306
)
\tikz@lastx=\dimen307
\tikz@lasty=\dimen308
\tikz@lastxsaved=\dimen309
\tikz@lastysaved=\dimen310
\tikz@lastmovetox=\dimen311
\tikz@lastmovetoy=\dimen312
\tikzleveldistance=\dimen313
\tikzsiblingdistance=\dimen314
\tikz@figbox=\box67
\tikz@figbox@bg=\box68
\tikz@tempbox=\box69
\tikz@tempbox@bg=\box70
\tikztreelevel=\count322
\tikznumberofchildren=\count323
\tikznumberofcurrentchild=\count324
\tikz@fig@count=\count325

(C:\Users\Fanxeeng\AppData\Local\Programs\MiKTeX\tex/generic/pgf/modules\pgfmod
ulematrix.code.tex
File: pgfmodulematrix.code.tex 2021/05/15 v3.1.9a (3.1.9a)
\pgfmatrixcurrentrow=\count326
\pgfmatrixcurrentcolumn=\count327
\pgf@matrix@numberofcolumns=\count328
)
\tikz@expandcount=\count329

(C:\Users\Fanxeeng\AppData\Local\Programs\MiKTeX\tex/generic/pgf/frontendlayer/
tikz/libraries\tikzlibrarytopaths.code.tex
File: tikzlibrarytopaths.code.tex 2021/05/15 v3.1.9a (3.1.9a)
)))
(C:\Users\Fanxeeng\AppData\Local\Programs\MiKTeX\tex/latex/pdflscape\pdflscape.
sty
Package: pdflscape 2019/12/05 v0.12 Display of landscape pages in PDF (HO)

(C:\Users\Fanxeeng\AppData\Local\Programs\MiKTeX\tex/latex/graphics\lscape.sty
Package: lscape 2020/05/28 v3.02 Landscape Pages (DPC)
)
Package pdflscape Info: Auto-detected driver: pdftex on input line 81.
)
(C:\Users\Fanxeeng\AppData\Local\Programs\MiKTeX\tex/latex/pgfplots\pgfplotstab
le.sty
(C:\Users\Fanxeeng\AppData\Local\Programs\MiKTeX\tex/generic/pgfplots\pgfplots.
revision.tex)
Package: pgfplotstable 2021/05/15 v1.18.1 Table typesetting and Pretty-printing
 (1.18.1)

(C:\Users\Fanxeeng\AppData\Local\Programs\MiKTeX\tex/latex/pgfplots\pgfplots.st
y
(C:\Users\Fanxeeng\AppData\Local\Programs\MiKTeX\tex/generic/pgfplots\pgfplots.
revision.tex)
Package: pgfplots 2021/05/15 v1.18.1 Data Visualization (1.18.1)

(C:\Users\Fanxeeng\AppData\Local\Programs\MiKTeX\tex/generic/pgfplots\pgfplots.
code.tex
(C:\Users\Fanxeeng\AppData\Local\Programs\MiKTeX\tex/generic/pgfplots\pgfplotsc
ore.code.tex
\t@pgfplots@toka=\toks54
\t@pgfplots@tokb=\toks55
\t@pgfplots@tokc=\toks56
\pgfplots@tmpa=\dimen315
\c@pgfplots@coordindex=\count330
\c@pgfplots@scanlineindex=\count331

(C:\Users\Fanxeeng\AppData\Local\Programs\MiKTeX\tex/generic/pgfplots/sys\pgfpl
otssysgeneric.code.tex))
(C:\Users\Fanxeeng\AppData\Local\Programs\MiKTeX\tex/generic/pgfplots/libs\pgfp
lotslibrary.code.tex)
(C:\Users\Fanxeeng\AppData\Local\Programs\MiKTeX\tex/generic/pgfplots/oldpgfcom
patib\pgfplotsoldpgfsupp_loader.code.tex
(C:\Users\Fanxeeng\AppData\Local\Programs\MiKTeX\tex/generic/pgf/libraries\pgfl
ibraryfpu.code.tex))
(C:\Users\Fanxeeng\AppData\Local\Programs\MiKTeX\tex/generic/pgfplots/util\pgfp
lotsutil.code.tex
(C:\Users\Fanxeeng\AppData\Local\Programs\MiKTeX\tex/generic/pgfplots/liststruc
ture\pgfplotsliststructure.code.tex)
(C:\Users\Fanxeeng\AppData\Local\Programs\MiKTeX\tex/generic/pgfplots/liststruc
ture\pgfplotsliststructureext.code.tex)
(C:\Users\Fanxeeng\AppData\Local\Programs\MiKTeX\tex/generic/pgfplots/liststruc
ture\pgfplotsarray.code.tex
\c@pgfplotsarray@tmp=\count332
)
(C:\Users\Fanxeeng\AppData\Local\Programs\MiKTeX\tex/generic/pgfplots/liststruc
ture\pgfplotsmatrix.code.tex)
(C:\Users\Fanxeeng\AppData\Local\Programs\MiKTeX\tex/generic/pgfplots/numtable\
pgfplotstableshared.code.tex
\c@pgfplotstable@counta=\count333
\t@pgfplotstable@a=\toks57
)
(C:\Users\Fanxeeng\AppData\Local\Programs\MiKTeX\tex/generic/pgfplots/liststruc
ture\pgfplotsdeque.code.tex)
(C:\Users\Fanxeeng\AppData\Local\Programs\MiKTeX\tex/generic/pgfplots/util\pgfp
lotsbinary.code.tex
(C:\Users\Fanxeeng\AppData\Local\Programs\MiKTeX\tex/generic/pgfplots/util\pgfp
lotsbinary.data.code.tex))
(C:\Users\Fanxeeng\AppData\Local\Programs\MiKTeX\tex/generic/pgfplots/util\pgfp
lotsutil.verb.code.tex)
(C:\Users\Fanxeeng\AppData\Local\Programs\MiKTeX\tex/generic/pgfplots/libs\pgfl
ibrarypgfplots.surfshading.code.tex
\c@pgfplotslibrarysurf@no=\count334

(C:\Users\Fanxeeng\AppData\Local\Programs\MiKTeX\tex/generic/pgfplots/sys\pgfli
brarypgfplots.surfshading.pgfsys-pdftex.def)))
(C:\Users\Fanxeeng\AppData\Local\Programs\MiKTeX\tex/generic/pgfplots/util\pgfp
lotscolormap.code.tex
(C:\Users\Fanxeeng\AppData\Local\Programs\MiKTeX\tex/generic/pgfplots/util\pgfp
lotscolor.code.tex))
(C:\Users\Fanxeeng\AppData\Local\Programs\MiKTeX\tex/generic/pgfplots\pgfplotss
tackedplots.code.tex)
(C:\Users\Fanxeeng\AppData\Local\Programs\MiKTeX\tex/generic/pgfplots\pgfplotsp
lothandlers.code.tex
(C:\Users\Fanxeeng\AppData\Local\Programs\MiKTeX\tex/generic/pgfplots\pgfplotsm
eshplothandler.code.tex
(C:\Users\Fanxeeng\AppData\Local\Programs\MiKTeX\tex/generic/pgfplots\pgfplotsm
eshplotimage.code.tex)))
(C:\Users\Fanxeeng\AppData\Local\Programs\MiKTeX\tex/generic/pgfplots\pgfplots.
scaling.code.tex)
(C:\Users\Fanxeeng\AppData\Local\Programs\MiKTeX\tex/generic/pgfplots\pgfplotsc
oordprocessing.code.tex)
(C:\Users\Fanxeeng\AppData\Local\Programs\MiKTeX\tex/generic/pgfplots\pgfplots.
errorbars.code.tex)
(C:\Users\Fanxeeng\AppData\Local\Programs\MiKTeX\tex/generic/pgfplots\pgfplots.
markers.code.tex)
(C:\Users\Fanxeeng\AppData\Local\Programs\MiKTeX\tex/generic/pgfplots\pgfplotst
icks.code.tex)
(C:\Users\Fanxeeng\AppData\Local\Programs\MiKTeX\tex/generic/pgfplots\pgfplots.
paths.code.tex)
(C:\Users\Fanxeeng\AppData\Local\Programs\MiKTeX\tex/generic/pgf/frontendlayer/
tikz/libraries\tikzlibrarydecorations.code.tex
(C:\Users\Fanxeeng\AppData\Local\Programs\MiKTeX\tex/generic/pgf/modules\pgfmod
uledecorations.code.tex
\pgfdecoratedcompleteddistance=\dimen316
\pgfdecoratedremainingdistance=\dimen317
\pgfdecoratedinputsegmentcompleteddistance=\dimen318
\pgfdecoratedinputsegmentremainingdistance=\dimen319
\pgf@decorate@distancetomove=\dimen320
\pgf@decorate@repeatstate=\count335
\pgfdecorationsegmentamplitude=\dimen321
\pgfdecorationsegmentlength=\dimen322
)
\tikz@lib@dec@box=\box71
)
(C:\Users\Fanxeeng\AppData\Local\Programs\MiKTeX\tex/generic/pgf/frontendlayer/
tikz/libraries\tikzlibrarydecorations.pathmorphing.code.tex
(C:\Users\Fanxeeng\AppData\Local\Programs\MiKTeX\tex/generic/pgf/libraries/deco
rations\pgflibrarydecorations.pathmorphing.code.tex))
(C:\Users\Fanxeeng\AppData\Local\Programs\MiKTeX\tex/generic/pgf/frontendlayer/
tikz/libraries\tikzlibrarydecorations.pathreplacing.code.tex
(C:\Users\Fanxeeng\AppData\Local\Programs\MiKTeX\tex/generic/pgf/libraries/deco
rations\pgflibrarydecorations.pathreplacing.code.tex))
(C:\Users\Fanxeeng\AppData\Local\Programs\MiKTeX\tex/generic/pgfplots/libs\tikz
librarypgfplots.contourlua.code.tex)
\pgfplots@numplots=\count336
\pgfplots@xmin@reg=\dimen323
\pgfplots@xmax@reg=\dimen324
\pgfplots@ymin@reg=\dimen325
\pgfplots@ymax@reg=\dimen326
\pgfplots@zmin@reg=\dimen327
\pgfplots@zmax@reg=\dimen328
)
(C:\Users\Fanxeeng\AppData\Local\Programs\MiKTeX\tex/generic/pgf/frontendlayer/
tikz/libraries\tikzlibraryplotmarks.code.tex
File: tikzlibraryplotmarks.code.tex 2021/05/15 v3.1.9a (3.1.9a)

(C:\Users\Fanxeeng\AppData\Local\Programs\MiKTeX\tex/generic/pgf/libraries\pgfl
ibraryplotmarks.code.tex
File: pgflibraryplotmarks.code.tex 2021/05/15 v3.1.9a (3.1.9a)
)))
(C:\Users\Fanxeeng\AppData\Local\Programs\MiKTeX\tex/generic/pgfplots/numtable\
pgfplotstable.code.tex
(C:\Users\Fanxeeng\AppData\Local\Programs\MiKTeX\tex/generic/pgfplots/numtable\
pgfplotstable.coltype.code.tex)))
(C:\Users\Fanxeeng\AppData\Local\Programs\MiKTeX\tex/latex/sfmath\sfmath.sty
Package: sfmath 2007/08/27 v0.8 sans serif maths
LaTeX Font Info:    Overwriting symbol font `operators' in version `normal'
(Font)                  OT1/cmr/m/n --> OT1/cmss/m/n on input line 329.
LaTeX Font Info:    Overwriting symbol font `operators' in version `bold'
(Font)                  OT1/cmr/bx/n --> OT1/cmss/bx/n on input line 330.
\symSFMath=\mathgroup6
LaTeX Font Info:    Overwriting symbol font `SFMath' in version `normal'
(Font)                  OT1/cmss/m/sl --> OT1/cmss/m/sl on input line 343.
LaTeX Font Info:    Overwriting symbol font `SFMath' in version `bold'
(Font)                  OT1/cmss/m/sl --> OT1/cmss/bx/n on input line 344.
LaTeX Font Info:    Redeclaring math symbol \imath on input line 398.
LaTeX Font Info:    Redeclaring math symbol \jmath on input line 399.
\symSFMathUp=\mathgroup7
LaTeX Font Info:    Overwriting symbol font `SFMathUp' in version `normal'
(Font)                  OT1/cmss/m/n --> OT1/cmss/m/n on input line 406.
LaTeX Font Info:    Overwriting symbol font `SFMathUp' in version `bold'
(Font)                  OT1/cmss/m/n --> OT1/cmss/bx/n on input line 407.
LaTeX Font Info:    Redeclaring math symbol \ldotp on input line 410.
\symSFMathGreek=\mathgroup8
LaTeX Font Info:    Overwriting symbol font `SFMathGreek' in version `normal'
(Font)                  OT1/cmss/m/n --> OT1/cmss/m/n on input line 419.
LaTeX Font Info:    Overwriting symbol font `SFMathGreek' in version `bold'
(Font)                  OT1/cmss/m/n --> OT1/cmss/bx/n on input line 420.
LaTeX Font Info:    Redeclaring math symbol \Gamma on input line 422.
LaTeX Font Info:    Redeclaring math symbol \Delta on input line 423.
LaTeX Font Info:    Redeclaring math symbol \Theta on input line 424.
LaTeX Font Info:    Redeclaring math symbol \Lambda on input line 425.
LaTeX Font Info:    Redeclaring math symbol \Xi on input line 426.
LaTeX Font Info:    Redeclaring math symbol \Pi on input line 427.
LaTeX Font Info:    Redeclaring math symbol \Sigma on input line 428.
LaTeX Font Info:    Redeclaring math symbol \Upsilon on input line 429.
LaTeX Font Info:    Redeclaring math symbol \Phi on input line 430.
LaTeX Font Info:    Redeclaring math symbol \Psi on input line 431.
LaTeX Font Info:    Redeclaring math symbol \Omega on input line 432.
\symSFMathUpGreek=\mathgroup9
LaTeX Font Info:    Overwriting symbol font `SFMathUpGreek' in version `normal'

(Font)                  OT1/cmss/m/n --> OT1/cmss/m/n on input line 436.
LaTeX Font Info:    Overwriting symbol font `SFMathUpGreek' in version `bold'
(Font)                  OT1/cmss/m/n --> OT1/cmss/bx/n on input line 437.
LaTeX Font Info:    Overwriting math alphabet `\mathnormal' in version `normal'

(Font)                  OML/cmm/m/it --> OT1/cmss/m/sl on input line 446.
LaTeX Font Info:    Overwriting math alphabet `\mathnormal' in version `bold'
(Font)                  OML/cmm/b/it --> OT1/cmss/bx/n on input line 447.
LaTeX Font Info:    Overwriting math alphabet `\mathrm' in version `normal'
(Font)                  OT1/cmss/m/n --> OT1/cmss/m/n on input line 449.
LaTeX Font Info:    Overwriting math alphabet `\mathrm' in version `bold'
(Font)                  OT1/cmss/bx/n --> OT1/cmss/bx/n on input line 450.
LaTeX Font Info:    Overwriting math alphabet `\mathbf' in version `normal'
(Font)                  OT1/cmr/bx/n --> OT1/cmss/bx/n on input line 452.
LaTeX Font Info:    Overwriting math alphabet `\mathbf' in version `bold'
(Font)                  OT1/cmr/bx/n --> OT1/cmss/bx/n on input line 453.
LaTeX Font Info:    Overwriting math alphabet `\mathit' in version `normal'
(Font)                  OT1/cmr/m/it --> OT1/cmss/m/sl on input line 455.
LaTeX Font Info:    Overwriting math alphabet `\mathit' in version `bold'
(Font)                  OT1/cmr/bx/it --> OT1/cmss/m/sl on input line 456.
LaTeX Font Info:    Overwriting math alphabet `\mathsf' in version `normal'
(Font)                  OT1/cmss/m/n --> OT1/cmss/m/n on input line 458.
LaTeX Font Info:    Overwriting math alphabet `\mathsf' in version `bold'
(Font)                  OT1/cmss/bx/n --> OT1/cmss/bx/n on input line 459.
LaTeX Font Info:    Overwriting math alphabet `\mathsl' in version `bold'
(Font)                  OT1/cmss/m/sl --> OT1/cmss/m/sl on input line 466.
)
(C:\Users\Fanxeeng\AppData\Local\Programs\MiKTeX\tex/latex/lipsum\lipsum.sty
(C:\Users\Fanxeeng\AppData\Local\Programs\MiKTeX\tex/latex/l3packages/l3keys2e\
l3keys2e.sty
(C:\Users\Fanxeeng\AppData\Local\Programs\MiKTeX\tex/latex/l3kernel\expl3.sty
Package: expl3 2021-08-27 L3 programming layer (loader) 

(C:\Users\Fanxeeng\AppData\Local\Programs\MiKTeX\tex/latex/l3backend\l3backend-
pdftex.def
File: l3backend-pdftex.def 2021-08-04 L3 backend support: PDF output (pdfTeX)
\l__color_backend_stack_int=\count337
\l__pdf_internal_box=\box72
))
Package: l3keys2e 2021-08-27 LaTeX2e option processing using LaTeX3 keys
)
Package: lipsum 2021-09-20 v2.7 150 paragraphs of Lorem Ipsum dummy text
\g__lipsum_par_int=\count338
\l__lipsum_a_int=\count339
\l__lipsum_b_int=\count340

(C:\Users\Fanxeeng\AppData\Local\Programs\MiKTeX\tex/latex/lipsum\lipsum.ltd.te
x))
(C:\Users\Fanxeeng\AppData\Local\Programs\MiKTeX\tex/latex/collcell\collcell.st
y
Package: collcell 2011/02/27 v0.5 Collect the content of a tabular cell

(C:\Users\Fanxeeng\AppData\Local\Programs\MiKTeX\tex/latex/etoolbox\etoolbox.st
y
Package: etoolbox 2020/10/05 v2.5k e-TeX tools for LaTeX (JAW)
\etb@tempcnta=\count341
)
\collect@cell@count=\count342
)
(C:\Users\Fanxeeng\AppData\Local\Programs\MiKTeX\tex/latex/everypage\everypage.
sty
Package: everypage 2020/10/17 R2.0b Hooks to run on every page


Package everypage Warning: Functionality similar to this package has recently
(everypage)                been implemented in LaTeX. This package is now in
(everypage)                legacy status.
(everypage)                Please, don't use it in new documents and packages.


Package everypage Warning: You appear to be running a version of LaTeX
(everypage)                providing the new functionality.
(everypage)                Doing the best to deliver the original `everypage`
(everypage)                interface on top of it. Strict equivalence is
(everypage)                not possible, breakage may occur.
(everypage)                If truly needed, Use `everypage-1x` to force the
(everypage)                loading of an older code base.

)
(C:\Users\Fanxeeng\AppData\Local\Programs\MiKTeX\tex/latex/blindtext\blindtext.
sty
Package: blindtext 2012/01/06 V2.0 blindtext-Package
 (C:\Users\Fanxeeng\AppData\Local\Programs\MiKTeX\tex/latex/tools\xspace.sty
Package: xspace 2014/10/28 v1.13 Space after command names (DPC,MH)
)
\c@blindtext=\count343
\c@Blindtext=\count344
\c@blind@countparstart=\count345
\blind@countxx=\count346
\blindtext@numBlindtext=\count347
\blind@countyy=\count348
\c@blindlist=\count349
\c@blindlistlevel=\count350
\c@blindlist@level=\count351
\blind@listitem=\count352
\c@blind@listcount=\count353
\c@blind@levelcount=\count354
\blind@mathformula=\count355
\blind@Mathformula=\count356
\c@blind@randomcount=\count357
\c@blind@randommax=\count358
\c@blind@pangramcount=\count359
\c@blind@pangrammax=\count360
)
(C:\Users\Fanxeeng\AppData\Local\Programs\MiKTeX\tex/latex/fancyhdr\fancyhdr.st
y
Package: fancyhdr 2021/01/28 v4.0.1 Extensive control of page headers and foote
rs
\f@nch@headwidth=\skip113
\f@nch@O@elh=\skip114
\f@nch@O@erh=\skip115
\f@nch@O@olh=\skip116
\f@nch@O@orh=\skip117
\f@nch@O@elf=\skip118
\f@nch@O@erf=\skip119
\f@nch@O@olf=\skip120
\f@nch@O@orf=\skip121
)
(C:\Users\Fanxeeng\AppData\Local\Programs\MiKTeX\tex/latex/mathtools\mathtools.
sty
Package: mathtools 2021/04/12 v1.27 mathematical typesetting tools
 (C:\Users\Fanxeeng\AppData\Local\Programs\MiKTeX\tex/latex/tools\calc.sty
Package: calc 2017/05/25 v4.3 Infix arithmetic (KKT,FJ)
\calc@Acount=\count361
\calc@Bcount=\count362
\calc@Adimen=\dimen329
\calc@Bdimen=\dimen330
\calc@Askip=\skip122
\calc@Bskip=\skip123
LaTeX Info: Redefining \setlength on input line 80.
LaTeX Info: Redefining \addtolength on input line 81.
\calc@Ccount=\count363
\calc@Cskip=\skip124
)
(C:\Users\Fanxeeng\AppData\Local\Programs\MiKTeX\tex/latex/mathtools\mhsetup.st
y
Package: mhsetup 2021/03/18 v1.4 programming setup (MH)
)
LaTeX Info: Thecontrolsequence`\('isalreadyrobust on input line 130.
LaTeX Info: Thecontrolsequence`\)'isalreadyrobust on input line 130.
LaTeX Info: Thecontrolsequence`\['isalreadyrobust on input line 130.
LaTeX Info: Thecontrolsequence`\]'isalreadyrobust on input line 130.
\g_MT_multlinerow_int=\count364
\l_MT_multwidth_dim=\dimen331
\origjot=\skip125
\l_MT_shortvdotswithinadjustabove_dim=\dimen332
\l_MT_shortvdotswithinadjustbelow_dim=\dimen333
\l_MT_above_intertext_sep=\dimen334
\l_MT_below_intertext_sep=\dimen335
\l_MT_above_shortintertext_sep=\dimen336
\l_MT_below_shortintertext_sep=\dimen337
\xmathstrut@box=\box73
\xmathstrut@dim=\dimen338
)
(C:\Users\Fanxeeng\AppData\Local\Programs\MiKTeX\tex/latex/sttools\cuted.sty
Package: cuted 2021/10/04 v2.0 Mixing onecolumn and twocolumn modes
\At@ViperColsBreak=\toks58
\preCutedStrip=\toks59
\postCutedStrip=\toks60
\cuted@@tempbox@a=\box74
\cuted@@tempbox@c=\box75
\cuted@@tempbox@var=\box76
\hold@viper=\box77
\@viper=\box78
\cuted@@varbox@a=\box79
\cuted@@varbox@c=\box80
\cuted@@tempdim@spread=\dimen339
\cuted@@tempdim@a=\dimen340
\cuted@@tempdim@b=\dimen341
\ht@hold@viper=\dimen342
\ht@viper=\dimen343
\var@@pagediscards@ht=\dimen344
\stripsep=\skip126
\viper@penalty=\count365
)
(C:\Users\Fanxeeng\AppData\Local\Programs\MiKTeX\tex/latex/graphics\rotating.st
y
Package: rotating 2016/08/11 v2.16d rotated objects in LaTeX
\c@r@tfl@t=\count366
\rotFPtop=\skip127
\rotFPbot=\skip128
\rot@float@box=\box81
\rot@mess@toks=\toks61
)
(C:\Users\Fanxeeng\AppData\Local\Programs\MiKTeX\tex/latex/stmaryrd\stmaryrd.st
y
Package: stmaryrd 1994/03/03 St Mary's Road symbol package
\symstmry=\mathgroup10
LaTeX Font Info:    Overwriting symbol font `stmry' in version `bold'
(Font)                  U/stmry/m/n --> U/stmry/b/n on input line 89.
) (dedication.tex) (main.aux (appendixA.aux))
\openout1 = `main.aux'.

LaTeX Font Info:    Checking defaults for OML/cmm/m/it on input line 211.
LaTeX Font Info:    ... okay on input line 211.
LaTeX Font Info:    Checking defaults for OMS/cmsy/m/n on input line 211.
LaTeX Font Info:    ... okay on input line 211.
LaTeX Font Info:    Checking defaults for OT1/cmr/m/n on input line 211.
LaTeX Font Info:    ... okay on input line 211.
LaTeX Font Info:    Checking defaults for T1/cmr/m/n on input line 211.
LaTeX Font Info:    ... okay on input line 211.
LaTeX Font Info:    Checking defaults for TS1/cmr/m/n on input line 211.
LaTeX Font Info:    ... okay on input line 211.
LaTeX Font Info:    Checking defaults for OMX/cmex/m/n on input line 211.
LaTeX Font Info:    ... okay on input line 211.
LaTeX Font Info:    Checking defaults for U/cmr/m/n on input line 211.
LaTeX Font Info:    ... okay on input line 211.

(C:\Users\Fanxeeng\AppData\Local\Programs\MiKTeX\tex/context/base/mkii\supp-pdf
.mkii
[Loading MPS to PDF converter (version 2006.09.02).]
\scratchcounter=\count367
\scratchdimen=\dimen345
\scratchbox=\box82
\nofMPsegments=\count368
\nofMParguments=\count369
\everyMPshowfont=\toks62
\MPscratchCnt=\count370
\MPscratchDim=\dimen346
\MPnumerator=\count371
\makeMPintoPDFobject=\count372
\everyMPtoPDFconversion=\toks63
)
(C:\Users\Fanxeeng\AppData\Local\Programs\MiKTeX\tex/latex/epstopdf-pkg\epstopd
f-base.sty
Package: epstopdf-base 2020-01-24 v2.11 Base part for package epstopdf
Package epstopdf-base Info: Redefining graphics rule for `.eps' on input line 4
85.

(C:\Users\Fanxeeng\AppData\Local\Programs\MiKTeX\tex/latex/00miktex\epstopdf-sy
s.cfg
File: epstopdf-sys.cfg 2021/03/18 v2.0 Configuration of epstopdf for MiKTeX
)) [1.1{C:/Users/Fanxeeng/AppData/Local/MiKTeX/pdftex/config/pdftex.map}]
[2.2

] (acknowlegements.tex) [3.3

] (main.toc
LaTeX Font Info:    Trying to load font information for U+msa on input line 4.

(C:\Users\Fanxeeng\AppData\Local\Programs\MiKTeX\tex/latex/amsfonts\umsa.fd
File: umsa.fd 2013/01/14 v3.01 AMS symbols A
)
LaTeX Font Info:    Trying to load font information for U+msb on input line 4.

(C:\Users\Fanxeeng\AppData\Local\Programs\MiKTeX\tex/latex/amsfonts\umsb.fd
File: umsb.fd 2013/01/14 v3.01 AMS symbols B
)
LaTeX Font Info:    Trying to load font information for U+stmry on input line 4
.

(C:\Users\Fanxeeng\AppData\Local\Programs\MiKTeX\tex/latex/stmaryrd\ustmry.fd)
[1.4

] [2.5])
\tf@toc=\write5
\openout5 = `main.toc'.

 [3.6]
\mylent=\skip129
 (main.lot)
\tf@lot=\write6
\openout6 = `main.lot'.

 [4.7

]
\mylenf=\skip130
 (main.lof)
\tf@lof=\write7
\openout7 = `main.lof'.

 [5.8

] (abstract.tex) [6.9

]
*geometry* driver: auto-detecting
*geometry* detected driver: pdftex
*geometry* verbose mode - [ preamble ] result:
* driver: pdftex
* paper: <default>
* layout: <same size as paper>
* layoutoffset:(h,v)=(0.0pt,0.0pt)
* modes: 
* h-part:(L,W,R)=(72.26999pt, 469.75502pt, 72.26999pt)
* v-part:(T,H,B)=(72.26999pt, 650.43001pt, 72.26999pt)
* \paperwidth=614.295pt
* \paperheight=794.96999pt
* \textwidth=469.75502pt
* \textheight=650.43001pt
* \oddsidemargin=0.0pt
* \evensidemargin=0.0pt
* \topmargin=0.0pt
* \headheight=0.0pt
* \headsep=0.0pt
* \topskip=12.0pt
* \footskip=30.0pt
* \marginparwidth=4.0pt
* \marginparsep=10.0pt
* \columnsep=0.0pt
* \skip\footins=10.8pt plus 4.0pt minus 2.0pt
* \hoffset=0.0pt
* \voffset=0.0pt
* \mag=1000
* \@twocolumnfalse
* \@twosidefalse
* \@mparswitchfalse
* \@reversemarginfalse
* (1in=72.27pt=25.4mm, 1cm=28.453pt)

Package caption Info: Begin \AtBeginDocument code.
Package caption Info: rotating package is loaded.
Package caption Info: End \AtBeginDocument code.
Package pgfplots notification 'compat/show suggested version=true': you might b
enefit from \pgfplotsset{compat=1.18} (current compat level: 1.16).

(Chapter1/chapter1.tex
Chapter 1. Introduction
) (Chapter2/chapter2.tex [1.10


]
Chapter 2. Federated Learning for Skewed Distribution
[2.11

] [3.12] [4.13] [5.14]

pdfTeX warning: pdflatex.exe (file ./Chapter2/Figures/FL.pdf): PDF inclusion: f
ound PDF version <1.6>, but at most version <1.5> allowed
<Chapter2/Figures/FL.pdf, id=62, 963.6pt x 542.025pt>
File: Chapter2/Figures/FL.pdf Graphic file (type pdf)
<use Chapter2/Figures/FL.pdf>
Package pdftex.def Info: Chapter2/Figures/FL.pdf  used on input line 88.
(pdftex.def)             Requested size: 399.29463pt x 233.68636pt.
[6.15] [7.16 <./Chapter2/Figures/FL.pdf>] [8.17] [9.18] [10.19] [11.20]
[12.21] [13.22] [14.23] [15.24]
<Chapter2/Figures/xray/test_acc.jpg, id=162, 351.2322pt x 349.7868pt>
File: Chapter2/Figures/xray/test_acc.jpg Graphic file (type jpg)
<use Chapter2/Figures/xray/test_acc.jpg>
Package pdftex.def Info: Chapter2/Figures/xray/test_acc.jpg  used on input line
 248.
(pdftex.def)             Requested size: 140.92793pt x 140.3499pt.
<Chapter2/Figures/femnist/test_acc.jpg, id=163, 346.896pt x 349.7868pt>
File: Chapter2/Figures/femnist/test_acc.jpg Graphic file (type jpg)
<use Chapter2/Figures/femnist/test_acc.jpg>
Package pdftex.def Info: Chapter2/Figures/femnist/test_acc.jpg  used on input l
ine 254.
(pdftex.def)             Requested size: 140.92793pt x 142.10054pt.
<Chapter2/Figures/mnist/test_acc.jpg, id=164, 346.896pt x 349.7868pt>
File: Chapter2/Figures/mnist/test_acc.jpg Graphic file (type jpg)
<use Chapter2/Figures/mnist/test_acc.jpg>
Package pdftex.def Info: Chapter2/Figures/mnist/test_acc.jpg  used on input lin
e 260.
(pdftex.def)             Requested size: 140.92793pt x 142.10054pt.
<Chapter2/Figures/xray/ClientAcc.jpg, id=165, 323.7696pt x 312.9291pt>
File: Chapter2/Figures/xray/ClientAcc.jpg Graphic file (type jpg)
<use Chapter2/Figures/xray/ClientAcc.jpg>
Package pdftex.def Info: Chapter2/Figures/xray/ClientAcc.jpg  used on input lin
e 272.
(pdftex.def)             Requested size: 140.92793pt x 136.209pt.
<Chapter2/Figures/femnist/ClientAcc.jpg, id=166, 323.7696pt x 314.3745pt>
File: Chapter2/Figures/femnist/ClientAcc.jpg Graphic file (type jpg)
<use Chapter2/Figures/femnist/ClientAcc.jpg>
Package pdftex.def Info: Chapter2/Figures/femnist/ClientAcc.jpg  used on input 
line 278.
(pdftex.def)             Requested size: 140.92793pt x 136.83813pt.
<Chapter2/Figures/mnist/ClientAcc.jpg, id=167, 323.7696pt x 312.9291pt>
File: Chapter2/Figures/mnist/ClientAcc.jpg Graphic file (type jpg)
<use Chapter2/Figures/mnist/ClientAcc.jpg>
Package pdftex.def Info: Chapter2/Figures/mnist/ClientAcc.jpg  used on input li
ne 284.
(pdftex.def)             Requested size: 140.92793pt x 136.209pt.
 [16.25] [17.26 <./Chapter2/Figures/xray/test_acc.jpg> <./Chapter2/Figures/femn
ist/test_acc.jpg> <./Chapter2/Figures/mnist/test_acc.jpg> <./Chapter2/Figures/x
ray/ClientAcc.jpg> <./Chapter2/Figures/femnist/ClientAcc.jpg> <./Chapter2/Figur
es/mnist/ClientAcc.jpg>]
<Chapter2/Figures/xray/MADE_loss.jpg, id=176, 328.1058pt x 332.442pt>
File: Chapter2/Figures/xray/MADE_loss.jpg Graphic file (type jpg)
<use Chapter2/Figures/xray/MADE_loss.jpg>
Package pdftex.def Info: Chapter2/Figures/xray/MADE_loss.jpg  used on input lin
e 301.
(pdftex.def)             Requested size: 140.92793pt x 142.79509pt.
<Chapter2/Figures/femnist/MADE_loss.jpg, id=177, 328.1058pt x 332.442pt>
File: Chapter2/Figures/femnist/MADE_loss.jpg Graphic file (type jpg)
<use Chapter2/Figures/femnist/MADE_loss.jpg>
Package pdftex.def Info: Chapter2/Figures/femnist/MADE_loss.jpg  used on input 
line 307.
(pdftex.def)             Requested size: 140.92793pt x 142.79509pt.
<Chapter2/Figures/mnist/MADE_loss.jpg, id=178, 328.1058pt x 332.442pt>
File: Chapter2/Figures/mnist/MADE_loss.jpg Graphic file (type jpg)
<use Chapter2/Figures/mnist/MADE_loss.jpg>
Package pdftex.def Info: Chapter2/Figures/mnist/MADE_loss.jpg  used on input li
ne 313.
(pdftex.def)             Requested size: 140.92793pt x 142.79509pt.
<Chapter2/Figures/Accuracy_vs_noise.pdf, id=179, 352.66286pt x 169.32666pt>
File: Chapter2/Figures/Accuracy_vs_noise.pdf Graphic file (type pdf)
<use Chapter2/Figures/Accuracy_vs_noise.pdf>
Package pdftex.def Info: Chapter2/Figures/Accuracy_vs_noise.pdf  used on input 
line 324.
(pdftex.def)             Requested size: 375.80544pt x 180.43878pt.
 [18.27 <./Chapter2/Figures/xray/MADE_loss.jpg> <./Chapter2/Figures/femnist/MAD
E_loss.jpg> <./Chapter2/Figures/mnist/MADE_loss.jpg>] [19.28 <./Chapter2/Figure
s/Accuracy_vs_noise.pdf>]
<Chapter2/Figures/Com.Rounds.pdf, id=220, 433.31071pt x 319.80052pt>
File: Chapter2/Figures/Com.Rounds.pdf Graphic file (type pdf)
<use Chapter2/Figures/Com.Rounds.pdf>
Package pdftex.def Info: Chapter2/Figures/Com.Rounds.pdf  used on input line 33
5.
(pdftex.def)             Requested size: 399.29463pt x 294.71289pt.
 [20.29]) (Chapter3/chapter3.tex [21.30 <./Chapter2/Figures/Com.Rounds.pdf>]
Chapter 3. Synthetic Information Towards Maximum Posterior Ratio for Deep Learn
ing on Class Imbalanced Data
[22.31

] [23.32] [24.33] [25.34] [26.35] [27.36]

pdfTeX warning: pdflatex.exe (file ./Chapter3/Figures/proplem.pdf): PDF inclusi
on: found PDF version <1.7>, but at most version <1.5> allowed
<Chapter3/Figures/proplem.pdf, id=295, 963.6pt x 542.025pt>
File: Chapter3/Figures/proplem.pdf Graphic file (type pdf)
<use Chapter3/Figures/proplem.pdf>
Package pdftex.def Info: Chapter3/Figures/proplem.pdf  used on input line 98.
(pdftex.def)             Requested size: 469.75502pt x 362.40959pt.
(Chapter3/Sec.RelatedWork.tex [28.37] [29.38 <./Chapter3/Figures/proplem.pdf>]
[30.39] [31.40]) (Chapter3/Sec.Methodology.tex [32.41] [33.42] [34.43] [35.44]

pdfTeX warning: pdflatex.exe (file ./Chapter3/Figures/MaxPosteriorRatio/sphere_
maxF.pdf): PDF inclusion: found PDF version <1.7>, but at most version <1.5> al
lowed
<Chapter3/Figures/MaxPosteriorRatio/sphere_maxF.pdf, id=355, 963.6pt x 542.025p
t>
File: Chapter3/Figures/MaxPosteriorRatio/sphere_maxF.pdf Graphic file (type pdf
)
<use Chapter3/Figures/MaxPosteriorRatio/sphere_maxF.pdf>
Package pdftex.def Info: Chapter3/Figures/MaxPosteriorRatio/sphere_maxF.pdf  us
ed on input line 74.
(pdftex.def)             Requested size: 469.75502pt x 370.12816pt.
[36.45] [37.46 <./Chapter3/Figures/MaxPosteriorRatio/sphere_maxF.pdf>] [38.47]
LaTeX Font Info:    Trying to load font information for OMS+cmr on input line 1
50.

(C:\Users\Fanxeeng\AppData\Local\Programs\MiKTeX\tex/latex/base\omscmr.fd
File: omscmr.fd 2019/12/16 v2.5j Standard LaTeX font definitions
)
LaTeX Font Info:    Font shape `OMS/cmr/m/n' in size <12> not available
(Font)              Font shape `OMS/cmsy/m/n' tried instead on input line 150.
)
(Chapter3/Sec.Complexity.tex [39.48] [40.49]) (Chapter3/Sec.Experiments.tex
[41.50] [42.51] [43.52]
<Chapter3/Figures/moon/ImbalancedData.jpg, id=402, 462.528pt x 346.896pt>
File: Chapter3/Figures/moon/ImbalancedData.jpg Graphic file (type jpg)
<use Chapter3/Figures/moon/ImbalancedData.jpg>
Package pdftex.def Info: Chapter3/Figures/moon/ImbalancedData.jpg  used on inpu
t line 115.
(pdftex.def)             Requested size: 422.77664pt x 317.09972pt.
<Chapter3/Figures/moon/Training_Data_PLot_SIMPOR.jpg, id=403, 462.528pt x 346.8
96pt>
File: Chapter3/Figures/moon/Training_Data_PLot_SIMPOR.jpg Graphic file (type jp
g)
<use Chapter3/Figures/moon/Training_Data_PLot_SIMPOR.jpg>
Package pdftex.def Info: Chapter3/Figures/moon/Training_Data_PLot_SIMPOR.jpg  u
sed on input line 125.
(pdftex.def)             Requested size: 140.92793pt x 105.69461pt.
<Chapter3/Figures/moon/Training_Data_PLot_GDO.jpg, id=404, 462.528pt x 346.896p
t>
File: Chapter3/Figures/moon/Training_Data_PLot_GDO.jpg Graphic file (type jpg)
<use Chapter3/Figures/moon/Training_Data_PLot_GDO.jpg>
Package pdftex.def Info: Chapter3/Figures/moon/Training_Data_PLot_GDO.jpg  used
 on input line 131.
(pdftex.def)             Requested size: 140.92793pt x 105.69461pt.
<Chapter3/Figures/moon/Training_Data_PLot_SMOTE.jpg, id=405, 462.528pt x 346.89
6pt>
File: Chapter3/Figures/moon/Training_Data_PLot_SMOTE.jpg Graphic file (type jpg
)
<use Chapter3/Figures/moon/Training_Data_PLot_SMOTE.jpg>
Package pdftex.def Info: Chapter3/Figures/moon/Training_Data_PLot_SMOTE.jpg  us
ed on input line 137.
(pdftex.def)             Requested size: 140.92793pt x 105.69461pt.
<Chapter3/Figures/moon/Training_Data_PLot_ROS.jpg, id=406, 462.528pt x 346.896p
t>
File: Chapter3/Figures/moon/Training_Data_PLot_ROS.jpg Graphic file (type jpg)
<use Chapter3/Figures/moon/Training_Data_PLot_ROS.jpg>
Package pdftex.def Info: Chapter3/Figures/moon/Training_Data_PLot_ROS.jpg  used
 on input line 143.
(pdftex.def)             Requested size: 140.92793pt x 105.69461pt.
<Chapter3/Figures/moon/Training_Data_PLot_BorderlineSMOTE.jpg, id=407, 462.528p
t x 346.896pt>
File: Chapter3/Figures/moon/Training_Data_PLot_BorderlineSMOTE.jpg Graphic file
 (type jpg)
<use Chapter3/Figures/moon/Training_Data_PLot_BorderlineSMOTE.jpg>
Package pdftex.def Info: Chapter3/Figures/moon/Training_Data_PLot_BorderlineSMO
TE.jpg  used on input line 149.
(pdftex.def)             Requested size: 140.92793pt x 105.69461pt.
<Chapter3/Figures/moon/Training_Data_PLot_ADASYN.jpg, id=408, 462.528pt x 346.8
96pt>
File: Chapter3/Figures/moon/Training_Data_PLot_ADASYN.jpg Graphic file (type jp
g)
<use Chapter3/Figures/moon/Training_Data_PLot_ADASYN.jpg>
Package pdftex.def Info: Chapter3/Figures/moon/Training_Data_PLot_ADASYN.jpg  u
sed on input line 155.
(pdftex.def)             Requested size: 140.92793pt x 105.69461pt.
 [44.53] [45.54 <./Chapter3/Figures/moon/ImbalancedData.jpg>] [46.55 <./Chapter
3/Figures/moon/Training_Data_PLot_SIMPOR.jpg> <./Chapter3/Figures/moon/Training
_Data_PLot_GDO.jpg> <./Chapter3/Figures/moon/Training_Data_PLot_SMOTE.jpg> <./C
hapter3/Figures/moon/Training_Data_PLot_ROS.jpg> <./Chapter3/Figures/moon/Train
ing_Data_PLot_BorderlineSMOTE.jpg> <./Chapter3/Figures/moon/Training_Data_PLot_
ADASYN.jpg>]
<Chapter3/Figures/winning_times.png, id=419, 406.026pt x 217.467pt>
File: Chapter3/Figures/winning_times.png Graphic file (type png)
<use Chapter3/Figures/winning_times.png>
Package pdftex.def Info: Chapter3/Figures/winning_times.png  used on input line
 431.
(pdftex.def)             Requested size: 469.75502pt x 251.6148pt.


LaTeX Warning: `!h' float specifier changed to `!ht'.

[47.56] [48.57] [49.58] [50.59] [51.60] [52.61 <./Chapter3/Figures/winning_time
s.png>]
<Chapter3/Figures/PCA/abalone9-18.pdf, id=440, 597.50829pt x 845.0471pt>
File: Chapter3/Figures/PCA/abalone9-18.pdf Graphic file (type pdf)
<use Chapter3/Figures/PCA/abalone9-18.pdf>
Package pdftex.def Info: Chapter3/Figures/PCA/abalone9-18.pdf  used on input li
ne 482.
(pdftex.def)             Requested size: 375.80544pt x 484.6673pt.


LaTeX Warning: `!h' float specifier changed to `!ht'.

[53.62]

LaTeX Warning: Text page \hspace *{\fill }54 contains only floats.


Overfull \vbox (1.48639pt too high) has occurred while \output is active []


[54.63 <./Chapter3/Figures/PCA/abalone9-18.pdf>] [55.64] [56.65]
<Chapter3/Figures/r_impact.png, id=500, 784.677pt x 217.686pt>
File: Chapter3/Figures/r_impact.png Graphic file (type png)
<use Chapter3/Figures/r_impact.png>
Package pdftex.def Info: Chapter3/Figures/r_impact.png  used on input line 565.

(pdftex.def)             Requested size: 460.35791pt x 118.20564pt.
 [57.66 <./Chapter3/Figures/r_impact.png>]
<Chapter3/Figures/threshold_impact.png, id=508, 730.146pt x 217.467pt>
File: Chapter3/Figures/threshold_impact.png Graphic file (type png)
<use Chapter3/Figures/threshold_impact.png>
Package pdftex.def Info: Chapter3/Figures/threshold_impact.png  used on input l
ine 579.
(pdftex.def)             Requested size: 460.35791pt x 127.08038pt.
) [58.67 <./Chapter3/Figures/threshold_impact.png>]) (Chapter4/chapter4.tex
\c@example=\count373
\c@definition=\count374
\c@theorem=\count375
\c@claim=\count376
\c@proposition=\count377
\c@lemma=\count378
\c@remark=\count379
\c@collolary=\count380
 [59.68]
Chapter 4. AutoGAN-Based Dimension Reduction for Privacy Preservation
(Chapter4/sections/intro.tex [60.69

] [61.70]) [62.71]
(Chapter4/sections/literature_review.tex [63.72] [64.73]) [65.74] [66.75]
(Chapter4/sections/problem.tex

pdfTeX warning: pdflatex.exe (file ./Chapter4/figures/AttackModel_CP.pdf): PDF 
inclusion: found PDF version <1.7>, but at most version <1.5> allowed
<Chapter4/figures/AttackModel_CP.pdf, id=543, 578.16pt x 448.07399pt>
File: Chapter4/figures/AttackModel_CP.pdf Graphic file (type pdf)
<use Chapter4/figures/AttackModel_CP.pdf>
Package pdftex.def Info: Chapter4/figures/AttackModel_CP.pdf  used on input lin
e 4.
(pdftex.def)             Requested size: 469.75502pt x 364.0592pt.
[67.76 <./Chapter4/figures/AttackModel_CP.pdf>]) (Chapter4/sections/def.tex

pdfTeX warning: pdflatex.exe (file ./Chapter4/figures/DR_P_CP.pdf): PDF inclusi
on: found PDF version <1.7>, but at most version <1.5> allowed
<Chapter4/figures/DR_P_CP.pdf, id=556, 262.58101pt x 116.1138pt>
File: Chapter4/figures/DR_P_CP.pdf Graphic file (type pdf)
<use Chapter4/figures/DR_P_CP.pdf>
Package pdftex.def Info: Chapter4/figures/DR_P_CP.pdf  used on input line 5.
(pdftex.def)             Requested size: 187.89914pt x 83.08983pt.
[68.77] [69.78 <./Chapter4/figures/DR_P_CP.pdf>]) (Chapter4/sections/method.tex


pdfTeX warning: pdflatex.exe (file ./Chapter4/figures/eGAN.pdf): PDF inclusion:
 found PDF version <1.7>, but at most version <1.5> allowed
<Chapter4/figures/eGAN.pdf, id=579, 963.6pt x 542.025pt>
File: Chapter4/figures/eGAN.pdf Graphic file (type pdf)
<use Chapter4/figures/eGAN.pdf>
Package pdftex.def Info: Chapter4/figures/eGAN.pdf  used on input line 4.
(pdftex.def)             Requested size: 469.75502pt x 224.21065pt.
[70.79 <./Chapter4/figures/eGAN.pdf>] [71.80] [72.81]

LaTeX Font Warning: Font shape `U/stmry/b/n' undefined
(Font)              using `U/stmry/m/n' instead on input line 85.


LaTeX Warning: `h' float specifier changed to `ht'.

[73.82]) [74.83] (Chapter4/sections/experiment.tex
<Chapter4/tables/implement_table.pdf, id=634, 597.50829pt x 845.0471pt>
File: Chapter4/tables/implement_table.pdf Graphic file (type pdf)
<use Chapter4/tables/implement_table.pdf>
Package pdftex.def Info: Chapter4/tables/implement_table.pdf  used on input lin
e 7.
(pdftex.def)             Requested size: 422.77664pt x 524.76993pt.
<Chapter4/figures/att_acc.pdf, id=636, 614.295pt x 794.97pt>
File: Chapter4/figures/att_acc.pdf Graphic file (type pdf)
<use Chapter4/figures/att_acc.pdf>
Package pdftex.def Info: Chapter4/figures/att_acc.pdf  used on input line 16.
(pdftex.def)             Requested size: 150.32504pt x 130.1547pt.
<Chapter4/figures/yale_acc.pdf, id=638, 614.295pt x 794.97pt>
File: Chapter4/figures/yale_acc.pdf Graphic file (type pdf)
<use Chapter4/figures/yale_acc.pdf>
Package pdftex.def Info: Chapter4/figures/yale_acc.pdf  used on input line 22.
(pdftex.def)             Requested size: 150.32504pt x 130.1547pt.
<Chapter4/figures/celeba_acc.pdf, id=640, 614.295pt x 794.97pt>
File: Chapter4/figures/celeba_acc.pdf Graphic file (type pdf)
<use Chapter4/figures/celeba_acc.pdf>
Package pdftex.def Info: Chapter4/figures/celeba_acc.pdf  used on input line 28
.
(pdftex.def)             Requested size: 150.32504pt x 130.1547pt.
<Chapter4/figures/ep_att.pdf, id=642, 614.295pt x 794.97pt>
File: Chapter4/figures/ep_att.pdf Graphic file (type pdf)
<use Chapter4/figures/ep_att.pdf>
Package pdftex.def Info: Chapter4/figures/ep_att.pdf  used on input line 39.
(pdftex.def)             Requested size: 150.32504pt x 130.1547pt.
<Chapter4/figures/ep_yale.pdf, id=644, 614.295pt x 794.97pt>
File: Chapter4/figures/ep_yale.pdf Graphic file (type pdf)
<use Chapter4/figures/ep_yale.pdf>
Package pdftex.def Info: Chapter4/figures/ep_yale.pdf  used on input line 45.
(pdftex.def)             Requested size: 150.32504pt x 130.1547pt.
<Chapter4/figures/ep_celeba.pdf, id=646, 614.295pt x 794.97pt>
File: Chapter4/figures/ep_celeba.pdf Graphic file (type pdf)
<use Chapter4/figures/ep_celeba.pdf>
Package pdftex.def Info: Chapter4/figures/ep_celeba.pdf  used on input line 51.

(pdftex.def)             Requested size: 150.32504pt x 130.1547pt.
 [75.84 <./Chapter4/figures/att_acc.pdf> <./Chapter4/figures/yale_acc.pdf> <./C
hapter4/figures/celeba_acc.pdf> <./Chapter4/figures/ep_att.pdf> <./Chapter4/fig
ures/ep_yale.pdf> <./Chapter4/figures/ep_celeba.pdf>] [76.85 <./Chapter4/tables
/implement_table.pdf>]
[77.86] [78.87] [79.88]

pdfTeX warning: pdflatex.exe (file ./Chapter4/figures/GAPvsAGDRPP.pdf): PDF inc
lusion: found PDF version <1.7>, but at most version <1.5> allowed
<Chapter4/figures/GAPvsAGDRPP.pdf, id=782, 963.6pt x 542.025pt>
File: Chapter4/figures/GAPvsAGDRPP.pdf Graphic file (type pdf)
<use Chapter4/figures/GAPvsAGDRPP.pdf>
Package pdftex.def Info: Chapter4/figures/GAPvsAGDRPP.pdf  used on input line 8
4.
(pdftex.def)             Requested size: 469.75502pt x 295.78761pt.
[80.89]
<Chapter4/figures/ACC_AutoGANvsGAP.jpg, id=787, 562.1pt x 421.575pt>
File: Chapter4/figures/ACC_AutoGANvsGAP.jpg Graphic file (type jpg)
<use Chapter4/figures/ACC_AutoGANvsGAP.jpg>
Package pdftex.def Info: Chapter4/figures/ACC_AutoGANvsGAP.jpg  used on input l
ine 92.
(pdftex.def)             Requested size: 469.75502pt x 352.31299pt.
 [81.90 <./Chapter4/figures/GAPvsAGDRPP.pdf>] [82.91 <./Chapter4/figures/ACC_Au
toGANvsGAP.jpg>]
<Chapter4/tables/img_table.pdf, id=807, 597.50829pt x 845.0471pt>
File: Chapter4/tables/img_table.pdf Graphic file (type pdf)
<use Chapter4/tables/img_table.pdf>
Package pdftex.def Info: Chapter4/tables/img_table.pdf  used on input line 109.

(pdftex.def)             Requested size: 422.77664pt x 527.36482pt.
 [83.92] [84.93 <./Chapter4/tables/img_table.pdf>])
[85.94]) (main.bbl [86.95] [87.96

] [88.97] [89.98] [90.99] [91.100] [92.101]
[93.102] [94.103] [95.104] [96.105]
Underfull \hbox (badness 1960) in paragraph at lines 566--572
[]\OT1/cmr/m/n/12 Wikipedia con-trib-u-tors.  Re-ceiver op-er-at-ing char-ac-te
r-is-tic --- Wikipedia, the
 []

[97.106] [98.107] [99.108]) [100.109]
\openout2 = `appendixA.aux'.

 (appendixA.tex
Appendix A. Copyright Permissions
<Figures/copyright.jpg, id=934, 841.64438pt x 438.13687pt>
File: Figures/copyright.jpg Graphic file (type jpg)
<use Figures/copyright.jpg>
Package pdftex.def Info: Figures/copyright.jpg  used on input line 6.
(pdftex.def)             Requested size: 422.77664pt x 220.08408pt.
) [101.110


 <./Figures/copyright.jpg>] (main.aux (appendixA.aux))

LaTeX Font Warning: Some font shapes were not available, defaults substituted.

 ) 
Here is how much of TeX's memory you used:
 32494 strings out of 478927
 784644 string characters out of 2851112
 1371475 words of memory out of 3000000
 49595 multiletter control sequences out of 15000+600000
 421499 words of font info for 92 fonts, out of 8000000 for 9000
 1144 hyphenation exceptions out of 8191
 72i,16n,117p,2284b,846s stack positions out of 5000i,500n,10000p,200000b,80000s
 <C:\Users\Fanxeeng\AppData\Local\MiKTeX\fonts/pk/ljfour/jknappen/ec/dpi600\t
crm1200.pk><C:/Users/Fanxeeng/AppData/Local/Programs/MiKTeX/fonts/type1/public/
amsfonts/cm/cmbx12.pfb><C:/Users/Fanxeeng/AppData/Local/Programs/MiKTeX/fonts/t
ype1/public/amsfonts/cm/cmex10.pfb><C:/Users/Fanxeeng/AppData/Local/Programs/Mi
KTeX/fonts/type1/public/amsfonts/cm/cmmi12.pfb><C:/Users/Fanxeeng/AppData/Local
/Programs/MiKTeX/fonts/type1/public/amsfonts/cm/cmmi8.pfb><C:/Users/Fanxeeng/Ap
pData/Local/Programs/MiKTeX/fonts/type1/public/amsfonts/cm/cmr10.pfb><C:/Users/
Fanxeeng/AppData/Local/Programs/MiKTeX/fonts/type1/public/amsfonts/cm/cmr12.pfb
><C:/Users/Fanxeeng/AppData/Local/Programs/MiKTeX/fonts/type1/public/amsfonts/c
m/cmr7.pfb><C:/Users/Fanxeeng/AppData/Local/Programs/MiKTeX/fonts/type1/public/
amsfonts/cm/cmr8.pfb><C:/Users/Fanxeeng/AppData/Local/Programs/MiKTeX/fonts/typ
e1/public/amsfonts/cm/cmss12.pfb><C:/Users/Fanxeeng/AppData/Local/Programs/MiKT
eX/fonts/type1/public/amsfonts/cm/cmss8.pfb><C:/Users/Fanxeeng/AppData/Local/Pr
ograms/MiKTeX/fonts/type1/public/amsfonts/cm/cmssbx10.pfb><C:/Users/Fanxeeng/Ap
pData/Local/Programs/MiKTeX/fonts/type1/public/amsfonts/cm/cmssi12.pfb><C:/User
s/Fanxeeng/AppData/Local/Programs/MiKTeX/fonts/type1/public/amsfonts/cm/cmssi8.
pfb><C:/Users/Fanxeeng/AppData/Local/Programs/MiKTeX/fonts/type1/public/amsfont
s/cm/cmsy10.pfb><C:/Users/Fanxeeng/AppData/Local/Programs/MiKTeX/fonts/type1/pu
blic/amsfonts/cm/cmsy6.pfb><C:/Users/Fanxeeng/AppData/Local/Programs/MiKTeX/fon
ts/type1/public/amsfonts/cm/cmsy8.pfb><C:/Users/Fanxeeng/AppData/Local/Programs
/MiKTeX/fonts/type1/public/amsfonts/cm/cmti12.pfb><C:/Users/Fanxeeng/AppData/Lo
cal/Programs/MiKTeX/fonts/type1/public/amsfonts/symbols/msbm10.pfb><C:/Users/Fa
nxeeng/AppData/Local/Programs/MiKTeX/fonts/type1/public/hoekwater/stmary10.pfb>

Output written on main.pdf (110 pages, 3907716 bytes).
PDF statistics:
 1021 PDF objects out of 1200 (max. 8388607)
 0 named destinations out of 1000 (max. 500000)
 304 words of extra memory for PDF output out of 10000 (max. 10000000)

