This is pdfTeX, Version 3.141592653-2.6-1.40.23 (MiKTeX 21.10) (preloaded format=pdflatex 2021.11.1)  19 JAN 2022 15:18
entering extended mode
**./SIMPOR-Elsevier.tex
(SIMPOR-Elsevier.tex
LaTeX2e <2021-06-01> patch level 1
L3 programming layer <2021-10-18>
(C:\Users\fanxeeng\AppData\Local\Programs\MiKTeX 2.9\tex/latex/elsarticle\elsar
ticle.cls
Document Class: elsarticle 2020/11/20, 3.3: Elsevier Ltd

(C:\Users\fanxeeng\AppData\Local\Programs\MiKTeX 2.9\tex/latex/l3kernel\expl3.s
ty
Package: expl3 2021-10-18 L3 programming layer (loader) 

(C:\Users\fanxeeng\AppData\Local\Programs\MiKTeX 2.9\tex/latex/l3backend\l3back
end-pdftex.def
File: l3backend-pdftex.def 2021-10-18 L3 backend support: PDF output (pdfTeX)
\l__color_backend_stack_int=\count182
\l__pdf_internal_box=\box50
))
(C:\Users\fanxeeng\AppData\Local\Programs\MiKTeX 2.9\tex/latex/l3packages/xpars
e\xparse.sty
Package: xparse 2021-08-27 L3 Experimental document command parser
)
(C:\Users\fanxeeng\AppData\Local\Programs\MiKTeX 2.9\tex/latex/etoolbox\etoolbo
x.sty
Package: etoolbox 2020/10/05 v2.5k e-TeX tools for LaTeX (JAW)
\etb@tempcnta=\count183
)
\@bls=\dimen138

(C:\Users\fanxeeng\AppData\Local\Programs\MiKTeX 2.9\tex/latex/base\article.cls
Document Class: article 2021/02/12 v1.4n Standard LaTeX document class
(C:\Users\fanxeeng\AppData\Local\Programs\MiKTeX 2.9\tex/latex/base\size10.clo
File: size10.clo 2021/02/12 v1.4n Standard LaTeX file (size option)
)
\c@part=\count184
\c@section=\count185
\c@subsection=\count186
\c@subsubsection=\count187
\c@paragraph=\count188
\c@subparagraph=\count189
\c@figure=\count190
\c@table=\count191
\abovecaptionskip=\skip47
\belowcaptionskip=\skip48
\bibindent=\dimen139
)
(C:\Users\fanxeeng\AppData\Local\Programs\MiKTeX 2.9\tex/latex/graphics\graphic
x.sty
Package: graphicx 2020/12/05 v1.2c Enhanced LaTeX Graphics (DPC,SPQR)

(C:\Users\fanxeeng\AppData\Local\Programs\MiKTeX 2.9\tex/latex/graphics\keyval.
sty
Package: keyval 2014/10/28 v1.15 key=value parser (DPC)
\KV@toks@=\toks16
)
(C:\Users\fanxeeng\AppData\Local\Programs\MiKTeX 2.9\tex/latex/graphics\graphic
s.sty
Package: graphics 2021/03/04 v1.4d Standard LaTeX Graphics (DPC,SPQR)

(C:\Users\fanxeeng\AppData\Local\Programs\MiKTeX 2.9\tex/latex/graphics\trig.st
y
Package: trig 2016/01/03 v1.10 sin cos tan (DPC)
)
(C:\Users\fanxeeng\AppData\Local\Programs\MiKTeX 2.9\tex/latex/graphics-cfg\gra
phics.cfg
File: graphics.cfg 2016/06/04 v1.11 sample graphics configuration
)
Package graphics Info: Driver file: pdftex.def on input line 107.

(C:\Users\fanxeeng\AppData\Local\Programs\MiKTeX 2.9\tex/latex/graphics-def\pdf
tex.def
File: pdftex.def 2020/10/05 v1.2a Graphics/color driver for pdftex
))
\Gin@req@height=\dimen140
\Gin@req@width=\dimen141
)
\c@tnote=\count192
\c@fnote=\count193
\c@cnote=\count194
\c@ead=\count195
\c@author=\count196
\@eadauthor=\toks17
\c@affn=\count197
\absbox=\box51
\elsarticlehighlightsbox=\box52
\elsarticlegrabsbox=\box53
\keybox=\box54
\Columnwidth=\dimen142
\space@left=\dimen143
\els@boxa=\box55
\els@boxb=\box56
\leftMargin=\dimen144
\@enLab=\toks18
\@sep=\skip49
\@@sep=\skip50
 (SIMPOR-Elsevier.spl)
(C:\Users\fanxeeng\AppData\Local\Programs\MiKTeX 2.9\tex/latex/natbib\natbib.st
y
Package: natbib 2010/09/13 8.31b (PWD, AO)
\bibhang=\skip51
\bibsep=\skip52
LaTeX Info: Redefining \cite on input line 694.
\c@NAT@ctr=\count198
)
\splwrite=\write3
\openout3 = `SIMPOR-Elsevier.spl'.


(C:\Users\fanxeeng\AppData\Local\Programs\MiKTeX 2.9\tex/latex/geometry\geometr
y.sty
Package: geometry 2020/01/02 v5.9 Page Geometry

(C:\Users\fanxeeng\AppData\Local\Programs\MiKTeX 2.9\tex/generic/iftex\ifvtex.s
ty
Package: ifvtex 2019/10/25 v1.7 ifvtex legacy package. Use iftex instead.

(C:\Users\fanxeeng\AppData\Local\Programs\MiKTeX 2.9\tex/generic/iftex\iftex.st
y
Package: iftex 2020/03/06 v1.0d TeX engine tests
))
\Gm@cnth=\count199
\Gm@cntv=\count266
\c@Gm@tempcnt=\count267
\Gm@bindingoffset=\dimen145
\Gm@wd@mp=\dimen146
\Gm@odd@mp=\dimen147
\Gm@even@mp=\dimen148
\Gm@layoutwidth=\dimen149
\Gm@layoutheight=\dimen150
\Gm@layouthoffset=\dimen151
\Gm@layoutvoffset=\dimen152
\Gm@dimlist=\toks19

(C:\Users\fanxeeng\AppData\Local\Programs\MiKTeX 2.9\tex/latex/geometry\geometr
y.cfg))
(C:\Users\fanxeeng\AppData\Local\Programs\MiKTeX 2.9\tex/latex/base\fleqn.clo
File: fleqn.clo 2016/12/29 v1.2b Standard LaTeX option (flush left equations)
\mathindent=\skip53
Applying: [2015/01/01] Make \[ robust on input line 50.
LaTeX Info: Redefining \[ on input line 51.
Already applied: [0000/00/00] Make \[ robust on input line 62.
Applying: [2015/01/01] Make \] robust on input line 74.
LaTeX Info: Redefining \] on input line 75.
Already applied: [0000/00/00] Make \] robust on input line 83.
)
\appnamewidth=\dimen153
)
(C:\Users\fanxeeng\AppData\Local\Programs\MiKTeX 2.9\tex/latex/txfonts\txfonts.
sty
Package: txfonts 2008/01/22 v3.2.1
LaTeX Font Info:    Redeclaring symbol font `operators' on input line 21.
LaTeX Font Info:    Overwriting symbol font `operators' in version `normal'
(Font)                  OT1/cmr/m/n --> OT1/txr/m/n on input line 21.
LaTeX Font Info:    Overwriting symbol font `operators' in version `bold'
(Font)                  OT1/cmr/bx/n --> OT1/txr/m/n on input line 21.
LaTeX Font Info:    Overwriting symbol font `operators' in version `bold'
(Font)                  OT1/txr/m/n --> OT1/txr/bx/n on input line 22.
\symitalic=\mathgroup4
LaTeX Font Info:    Overwriting symbol font `italic' in version `bold'
(Font)                  OT1/txr/m/it --> OT1/txr/bx/it on input line 26.
LaTeX Font Info:    Redeclaring math alphabet \mathbf on input line 29.
LaTeX Font Info:    Overwriting math alphabet `\mathbf' in version `normal'
(Font)                  OT1/cmr/bx/n --> OT1/txr/bx/n on input line 29.
LaTeX Font Info:    Overwriting math alphabet `\mathbf' in version `bold'
(Font)                  OT1/cmr/bx/n --> OT1/txr/bx/n on input line 29.
LaTeX Font Info:    Redeclaring math alphabet \mathit on input line 30.
LaTeX Font Info:    Overwriting math alphabet `\mathit' in version `normal'
(Font)                  OT1/cmr/m/it --> OT1/txr/m/it on input line 30.
LaTeX Font Info:    Overwriting math alphabet `\mathit' in version `bold'
(Font)                  OT1/cmr/bx/it --> OT1/txr/m/it on input line 30.
LaTeX Font Info:    Overwriting math alphabet `\mathit' in version `bold'
(Font)                  OT1/txr/m/it --> OT1/txr/bx/it on input line 31.
LaTeX Font Info:    Redeclaring math alphabet \mathsf on input line 40.
LaTeX Font Info:    Overwriting math alphabet `\mathsf' in version `normal'
(Font)                  OT1/cmss/m/n --> OT1/txss/m/n on input line 40.
LaTeX Font Info:    Overwriting math alphabet `\mathsf' in version `bold'
(Font)                  OT1/cmss/bx/n --> OT1/txss/m/n on input line 40.
LaTeX Font Info:    Overwriting math alphabet `\mathsf' in version `bold'
(Font)                  OT1/txss/m/n --> OT1/txss/b/n on input line 41.
LaTeX Font Info:    Redeclaring math alphabet \mathtt on input line 50.
LaTeX Font Info:    Overwriting math alphabet `\mathtt' in version `normal'
(Font)                  OT1/cmtt/m/n --> OT1/txtt/m/n on input line 50.
LaTeX Font Info:    Overwriting math alphabet `\mathtt' in version `bold'
(Font)                  OT1/cmtt/m/n --> OT1/txtt/m/n on input line 50.
LaTeX Font Info:    Overwriting math alphabet `\mathtt' in version `bold'
(Font)                  OT1/txtt/m/n --> OT1/txtt/b/n on input line 51.
LaTeX Font Info:    Redeclaring symbol font `letters' on input line 58.
LaTeX Font Info:    Overwriting symbol font `letters' in version `normal'
(Font)                  OML/cmm/m/it --> OML/txmi/m/it on input line 58.
LaTeX Font Info:    Overwriting symbol font `letters' in version `bold'
(Font)                  OML/cmm/b/it --> OML/txmi/m/it on input line 58.
LaTeX Font Info:    Overwriting symbol font `letters' in version `bold'
(Font)                  OML/txmi/m/it --> OML/txmi/bx/it on input line 59.
\symlettersA=\mathgroup5
LaTeX Font Info:    Overwriting symbol font `lettersA' in version `bold'
(Font)                  U/txmia/m/it --> U/txmia/bx/it on input line 67.
LaTeX Font Info:    Redeclaring symbol font `symbols' on input line 77.
LaTeX Font Info:    Overwriting symbol font `symbols' in version `normal'
(Font)                  OMS/cmsy/m/n --> OMS/txsy/m/n on input line 77.
LaTeX Font Info:    Overwriting symbol font `symbols' in version `bold'
(Font)                  OMS/cmsy/b/n --> OMS/txsy/m/n on input line 77.
LaTeX Font Info:    Overwriting symbol font `symbols' in version `bold'
(Font)                  OMS/txsy/m/n --> OMS/txsy/bx/n on input line 78.
\symAMSa=\mathgroup6
LaTeX Font Info:    Overwriting symbol font `AMSa' in version `bold'
(Font)                  U/txsya/m/n --> U/txsya/bx/n on input line 94.
\symAMSb=\mathgroup7
LaTeX Font Info:    Overwriting symbol font `AMSb' in version `bold'
(Font)                  U/txsyb/m/n --> U/txsyb/bx/n on input line 103.
\symsymbolsC=\mathgroup8
LaTeX Font Info:    Overwriting symbol font `symbolsC' in version `bold'
(Font)                  U/txsyc/m/n --> U/txsyc/bx/n on input line 113.
LaTeX Font Info:    Redeclaring symbol font `largesymbols' on input line 120.
LaTeX Font Info:    Overwriting symbol font `largesymbols' in version `normal'
(Font)                  OMX/cmex/m/n --> OMX/txex/m/n on input line 120.
LaTeX Font Info:    Overwriting symbol font `largesymbols' in version `bold'
(Font)                  OMX/cmex/m/n --> OMX/txex/m/n on input line 120.
LaTeX Font Info:    Overwriting symbol font `largesymbols' in version `bold'
(Font)                  OMX/txex/m/n --> OMX/txex/bx/n on input line 121.
\symlargesymbolsA=\mathgroup9
LaTeX Font Info:    Overwriting symbol font `largesymbolsA' in version `bold'
(Font)                  U/txexa/m/n --> U/txexa/bx/n on input line 129.
LaTeX Font Info:    Redeclaring math symbol \mathsterling on input line 164.
LaTeX Font Info:    Redeclaring math symbol \hbar on input line 591.
LaTeX Info: Redefining \not on input line 1043.
)
(C:\Users\fanxeeng\AppData\Local\Programs\MiKTeX 2.9\tex/latex/amsmath\amsmath.
sty
Package: amsmath 2021/04/20 v2.17j AMS math features
\@mathmargin=\skip54

For additional information on amsmath, use the `?' option.

(C:\Users\fanxeeng\AppData\Local\Programs\MiKTeX 2.9\tex/latex/amsmath\amstext.
sty
Package: amstext 2000/06/29 v2.01 AMS text

(C:\Users\fanxeeng\AppData\Local\Programs\MiKTeX 2.9\tex/latex/amsmath\amsgen.s
ty
File: amsgen.sty 1999/11/30 v2.0 generic functions
\@emptytoks=\toks20
\ex@=\dimen154
))
(C:\Users\fanxeeng\AppData\Local\Programs\MiKTeX 2.9\tex/latex/amsmath\amsbsy.s
ty
Package: amsbsy 1999/11/29 v1.2d Bold Symbols
\pmbraise@=\dimen155
)
(C:\Users\fanxeeng\AppData\Local\Programs\MiKTeX 2.9\tex/latex/amsmath\amsopn.s
ty
Package: amsopn 2016/03/08 v2.02 operator names
)
\inf@bad=\count268
LaTeX Info: Redefining \frac on input line 234.
\uproot@=\count269
\leftroot@=\count270
LaTeX Info: Redefining \overline on input line 399.
\classnum@=\count271
\DOTSCASE@=\count272
LaTeX Info: Redefining \ldots on input line 496.
LaTeX Info: Redefining \dots on input line 499.
LaTeX Info: Redefining \cdots on input line 620.
\Mathstrutbox@=\box57
\strutbox@=\box58
\big@size=\dimen156
LaTeX Font Info:    Redeclaring font encoding OML on input line 743.
LaTeX Font Info:    Redeclaring font encoding OMS on input line 744.
\macc@depth=\count273
\c@MaxMatrixCols=\count274
\dotsspace@=\muskip16
\c@parentequation=\count275
\dspbrk@lvl=\count276
\tag@help=\toks21
\row@=\count277
\column@=\count278
\maxfields@=\count279
\andhelp@=\toks22
\eqnshift@=\dimen157
\alignsep@=\dimen158
\tagshift@=\dimen159
\tagwidth@=\dimen160
\totwidth@=\dimen161
\lineht@=\dimen162
\@envbody=\toks23
\multlinegap=\skip55
\multlinetaggap=\skip56
\mathdisplay@stack=\toks24
LaTeX Info: Redefining \[ on input line 2923.
LaTeX Info: Redefining \] on input line 2924.
)
(C:\Users\fanxeeng\AppData\Local\Programs\MiKTeX 2.9\tex/latex/amsfonts\amssymb
.sty
Package: amssymb 2013/01/14 v3.01 AMS font symbols

(C:\Users\fanxeeng\AppData\Local\Programs\MiKTeX 2.9\tex/latex/amsfonts\amsfont
s.sty
Package: amsfonts 2013/01/14 v3.01 Basic AMSFonts support
LaTeX Font Info:    Redeclaring symbol font `AMSa' on input line 59.
LaTeX Font Info:    Overwriting symbol font `AMSa' in version `normal'
(Font)                  U/txsya/m/n --> U/msa/m/n on input line 59.
LaTeX Font Info:    Overwriting symbol font `AMSa' in version `bold'
(Font)                  U/txsya/bx/n --> U/msa/m/n on input line 59.
LaTeX Font Info:    Redeclaring symbol font `AMSb' on input line 60.
LaTeX Font Info:    Overwriting symbol font `AMSb' in version `normal'
(Font)                  U/txsyb/m/n --> U/msb/m/n on input line 60.
LaTeX Font Info:    Overwriting symbol font `AMSb' in version `bold'
(Font)                  U/txsyb/bx/n --> U/msb/m/n on input line 60.
LaTeX Font Info:    Redeclaring math delimiter \ulcorner on input line 74.
LaTeX Font Info:    Redeclaring math delimiter \urcorner on input line 75.
LaTeX Font Info:    Redeclaring math delimiter \llcorner on input line 76.
LaTeX Font Info:    Redeclaring math delimiter \lrcorner on input line 77.
LaTeX Font Info:    Redeclaring math symbol \square on input line 141.
LaTeX Font Info:    Redeclaring math symbol \lozenge on input line 142.
)
LaTeX Font Info:    Redeclaring math symbol \boxdot on input line 44.
LaTeX Font Info:    Redeclaring math symbol \boxplus on input line 45.
LaTeX Font Info:    Redeclaring math symbol \boxtimes on input line 46.
LaTeX Font Info:    Redeclaring math symbol \blacksquare on input line 48.
LaTeX Font Info:    Redeclaring math symbol \centerdot on input line 49.
LaTeX Font Info:    Redeclaring math symbol \blacklozenge on input line 51.
LaTeX Font Info:    Redeclaring math symbol \circlearrowright on input line 52.

LaTeX Font Info:    Redeclaring math symbol \circlearrowleft on input line 53.
LaTeX Font Info:    Redeclaring math symbol \leftrightharpoons on input line 56
.
LaTeX Font Info:    Redeclaring math symbol \boxminus on input line 57.
LaTeX Font Info:    Redeclaring math symbol \Vdash on input line 58.
LaTeX Font Info:    Redeclaring math symbol \Vvdash on input line 59.
LaTeX Font Info:    Redeclaring math symbol \vDash on input line 60.
LaTeX Font Info:    Redeclaring math symbol \twoheadrightarrow on input line 61
.
LaTeX Font Info:    Redeclaring math symbol \twoheadleftarrow on input line 62.

LaTeX Font Info:    Redeclaring math symbol \leftleftarrows on input line 63.
LaTeX Font Info:    Redeclaring math symbol \rightrightarrows on input line 64.

LaTeX Font Info:    Redeclaring math symbol \upuparrows on input line 65.
LaTeX Font Info:    Redeclaring math symbol \downdownarrows on input line 66.
LaTeX Font Info:    Redeclaring math symbol \upharpoonright on input line 67.
LaTeX Font Info:    Redeclaring math symbol \downharpoonright on input line 69.

LaTeX Font Info:    Redeclaring math symbol \upharpoonleft on input line 70.
LaTeX Font Info:    Redeclaring math symbol \downharpoonleft on input line 71.
LaTeX Font Info:    Redeclaring math symbol \rightarrowtail on input line 72.
LaTeX Font Info:    Redeclaring math symbol \leftarrowtail on input line 73.
LaTeX Font Info:    Redeclaring math symbol \leftrightarrows on input line 74.
LaTeX Font Info:    Redeclaring math symbol \rightleftarrows on input line 75.
LaTeX Font Info:    Redeclaring math symbol \Lsh on input line 76.
LaTeX Font Info:    Redeclaring math symbol \Rsh on input line 77.
LaTeX Font Info:    Redeclaring math symbol \leftrightsquigarrow on input line 
79.
LaTeX Font Info:    Redeclaring math symbol \looparrowleft on input line 80.
LaTeX Font Info:    Redeclaring math symbol \looparrowright on input line 81.
LaTeX Font Info:    Redeclaring math symbol \circeq on input line 82.
LaTeX Font Info:    Redeclaring math symbol \succsim on input line 83.
LaTeX Font Info:    Redeclaring math symbol \gtrsim on input line 84.
LaTeX Font Info:    Redeclaring math symbol \gtrapprox on input line 85.
LaTeX Font Info:    Redeclaring math symbol \multimap on input line 86.
LaTeX Font Info:    Redeclaring math symbol \therefore on input line 87.
LaTeX Font Info:    Redeclaring math symbol \because on input line 88.
LaTeX Font Info:    Redeclaring math symbol \doteqdot on input line 89.
LaTeX Font Info:    Redeclaring math symbol \triangleq on input line 91.
LaTeX Font Info:    Redeclaring math symbol \precsim on input line 92.
LaTeX Font Info:    Redeclaring math symbol \lesssim on input line 93.
LaTeX Font Info:    Redeclaring math symbol \lessapprox on input line 94.
LaTeX Font Info:    Redeclaring math symbol \eqslantless on input line 95.
LaTeX Font Info:    Redeclaring math symbol \eqslantgtr on input line 96.
LaTeX Font Info:    Redeclaring math symbol \curlyeqprec on input line 97.
LaTeX Font Info:    Redeclaring math symbol \curlyeqsucc on input line 98.
LaTeX Font Info:    Redeclaring math symbol \preccurlyeq on input line 99.
LaTeX Font Info:    Redeclaring math symbol \leqq on input line 100.
LaTeX Font Info:    Redeclaring math symbol \leqslant on input line 101.
LaTeX Font Info:    Redeclaring math symbol \lessgtr on input line 102.
LaTeX Font Info:    Redeclaring math symbol \backprime on input line 103.
LaTeX Font Info:    Redeclaring math symbol \risingdotseq on input line 104.
LaTeX Font Info:    Redeclaring math symbol \fallingdotseq on input line 105.
LaTeX Font Info:    Redeclaring math symbol \succcurlyeq on input line 106.
LaTeX Font Info:    Redeclaring math symbol \geqq on input line 107.
LaTeX Font Info:    Redeclaring math symbol \geqslant on input line 108.
LaTeX Font Info:    Redeclaring math symbol \gtrless on input line 109.
LaTeX Font Info:    Redeclaring math symbol \bigstar on input line 117.
LaTeX Font Info:    Redeclaring math symbol \between on input line 118.
LaTeX Font Info:    Redeclaring math symbol \blacktriangledown on input line 11
9.
LaTeX Font Info:    Redeclaring math symbol \blacktriangleright on input line 1
20.
LaTeX Font Info:    Redeclaring math symbol \blacktriangleleft on input line 12
1.
LaTeX Font Info:    Redeclaring math symbol \vartriangle on input line 122.
LaTeX Font Info:    Redeclaring math symbol \blacktriangle on input line 123.
LaTeX Font Info:    Redeclaring math symbol \triangledown on input line 124.
LaTeX Font Info:    Redeclaring math symbol \eqcirc on input line 125.
LaTeX Font Info:    Redeclaring math symbol \lesseqgtr on input line 126.
LaTeX Font Info:    Redeclaring math symbol \gtreqless on input line 127.
LaTeX Font Info:    Redeclaring math symbol \lesseqqgtr on input line 128.
LaTeX Font Info:    Redeclaring math symbol \gtreqqless on input line 129.
LaTeX Font Info:    Redeclaring math symbol \Rrightarrow on input line 130.
LaTeX Font Info:    Redeclaring math symbol \Lleftarrow on input line 131.
LaTeX Font Info:    Redeclaring math symbol \veebar on input line 132.
LaTeX Font Info:    Redeclaring math symbol \barwedge on input line 133.
LaTeX Font Info:    Redeclaring math symbol \doublebarwedge on input line 134.
LaTeX Font Info:    Redeclaring math symbol \measuredangle on input line 137.
LaTeX Font Info:    Redeclaring math symbol \sphericalangle on input line 138.
LaTeX Font Info:    Redeclaring math symbol \varpropto on input line 139.
LaTeX Font Info:    Redeclaring math symbol \smallsmile on input line 140.
LaTeX Font Info:    Redeclaring math symbol \smallfrown on input line 141.
LaTeX Font Info:    Redeclaring math symbol \Subset on input line 142.
LaTeX Font Info:    Redeclaring math symbol \Supset on input line 143.
LaTeX Font Info:    Redeclaring math symbol \Cup on input line 144.
LaTeX Font Info:    Redeclaring math symbol \Cap on input line 146.
LaTeX Font Info:    Redeclaring math symbol \curlywedge on input line 148.
LaTeX Font Info:    Redeclaring math symbol \curlyvee on input line 149.
LaTeX Font Info:    Redeclaring math symbol \leftthreetimes on input line 150.
LaTeX Font Info:    Redeclaring math symbol \rightthreetimes on input line 151.

LaTeX Font Info:    Redeclaring math symbol \subseteqq on input line 152.
LaTeX Font Info:    Redeclaring math symbol \supseteqq on input line 153.
LaTeX Font Info:    Redeclaring math symbol \bumpeq on input line 154.
LaTeX Font Info:    Redeclaring math symbol \Bumpeq on input line 155.
LaTeX Font Info:    Redeclaring math symbol \lll on input line 156.
LaTeX Font Info:    Redeclaring math symbol \ggg on input line 158.
LaTeX Font Info:    Redeclaring math symbol \circledS on input line 160.
LaTeX Font Info:    Redeclaring math symbol \pitchfork on input line 161.
LaTeX Font Info:    Redeclaring math symbol \dotplus on input line 162.
LaTeX Font Info:    Redeclaring math symbol \backsim on input line 163.
LaTeX Font Info:    Redeclaring math symbol \backsimeq on input line 164.
LaTeX Font Info:    Redeclaring math symbol \complement on input line 165.
LaTeX Font Info:    Redeclaring math symbol \intercal on input line 166.
LaTeX Font Info:    Redeclaring math symbol \circledcirc on input line 167.
LaTeX Font Info:    Redeclaring math symbol \circledast on input line 168.
LaTeX Font Info:    Redeclaring math symbol \circleddash on input line 169.
LaTeX Font Info:    Redeclaring math symbol \lvertneqq on input line 171.
LaTeX Font Info:    Redeclaring math symbol \gvertneqq on input line 172.
LaTeX Font Info:    Redeclaring math symbol \nleq on input line 173.
LaTeX Font Info:    Redeclaring math symbol \ngeq on input line 174.
LaTeX Font Info:    Redeclaring math symbol \nless on input line 175.
LaTeX Font Info:    Redeclaring math symbol \ngtr on input line 176.
LaTeX Font Info:    Redeclaring math symbol \nprec on input line 177.
LaTeX Font Info:    Redeclaring math symbol \nsucc on input line 178.
LaTeX Font Info:    Redeclaring math symbol \lneqq on input line 179.
LaTeX Font Info:    Redeclaring math symbol \gneqq on input line 180.
LaTeX Font Info:    Redeclaring math symbol \nleqslant on input line 181.
LaTeX Font Info:    Redeclaring math symbol \ngeqslant on input line 182.
LaTeX Font Info:    Redeclaring math symbol \lneq on input line 183.
LaTeX Font Info:    Redeclaring math symbol \gneq on input line 184.
LaTeX Font Info:    Redeclaring math symbol \npreceq on input line 185.
LaTeX Font Info:    Redeclaring math symbol \nsucceq on input line 186.
LaTeX Font Info:    Redeclaring math symbol \precnsim on input line 187.
LaTeX Font Info:    Redeclaring math symbol \succnsim on input line 188.
LaTeX Font Info:    Redeclaring math symbol \lnsim on input line 189.
LaTeX Font Info:    Redeclaring math symbol \gnsim on input line 190.
LaTeX Font Info:    Redeclaring math symbol \nleqq on input line 191.
LaTeX Font Info:    Redeclaring math symbol \ngeqq on input line 192.
LaTeX Font Info:    Redeclaring math symbol \precneqq on input line 193.
LaTeX Font Info:    Redeclaring math symbol \succneqq on input line 194.
LaTeX Font Info:    Redeclaring math symbol \precnapprox on input line 195.
LaTeX Font Info:    Redeclaring math symbol \succnapprox on input line 196.
LaTeX Font Info:    Redeclaring math symbol \lnapprox on input line 197.
LaTeX Font Info:    Redeclaring math symbol \gnapprox on input line 198.
LaTeX Font Info:    Redeclaring math symbol \nsim on input line 199.
LaTeX Font Info:    Redeclaring math symbol \ncong on input line 200.
LaTeX Font Info:    Redeclaring math symbol \diagup on input line 201.
LaTeX Font Info:    Redeclaring math symbol \diagdown on input line 202.
LaTeX Font Info:    Redeclaring math symbol \varsubsetneq on input line 203.
LaTeX Font Info:    Redeclaring math symbol \varsupsetneq on input line 204.
LaTeX Font Info:    Redeclaring math symbol \nsubseteqq on input line 205.
LaTeX Font Info:    Redeclaring math symbol \nsupseteqq on input line 206.
LaTeX Font Info:    Redeclaring math symbol \subsetneqq on input line 207.
LaTeX Font Info:    Redeclaring math symbol \supsetneqq on input line 208.
LaTeX Font Info:    Redeclaring math symbol \varsubsetneqq on input line 209.
LaTeX Font Info:    Redeclaring math symbol \varsupsetneqq on input line 210.
LaTeX Font Info:    Redeclaring math symbol \subsetneq on input line 211.
LaTeX Font Info:    Redeclaring math symbol \supsetneq on input line 212.
LaTeX Font Info:    Redeclaring math symbol \nsubseteq on input line 213.
LaTeX Font Info:    Redeclaring math symbol \nsupseteq on input line 214.
LaTeX Font Info:    Redeclaring math symbol \nparallel on input line 215.
LaTeX Font Info:    Redeclaring math symbol \nmid on input line 216.
LaTeX Font Info:    Redeclaring math symbol \nshortmid on input line 217.
LaTeX Font Info:    Redeclaring math symbol \nshortparallel on input line 218.
LaTeX Font Info:    Redeclaring math symbol \nvdash on input line 219.
LaTeX Font Info:    Redeclaring math symbol \nVdash on input line 220.
LaTeX Font Info:    Redeclaring math symbol \nvDash on input line 221.
LaTeX Font Info:    Redeclaring math symbol \nVDash on input line 222.
LaTeX Font Info:    Redeclaring math symbol \ntrianglerighteq on input line 223
.
LaTeX Font Info:    Redeclaring math symbol \ntrianglelefteq on input line 224.

LaTeX Font Info:    Redeclaring math symbol \ntriangleleft on input line 225.
LaTeX Font Info:    Redeclaring math symbol \ntriangleright on input line 226.
LaTeX Font Info:    Redeclaring math symbol \nleftarrow on input line 227.
LaTeX Font Info:    Redeclaring math symbol \nrightarrow on input line 228.
LaTeX Font Info:    Redeclaring math symbol \nLeftarrow on input line 229.
LaTeX Font Info:    Redeclaring math symbol \nRightarrow on input line 230.
LaTeX Font Info:    Redeclaring math symbol \nLeftrightarrow on input line 231.

LaTeX Font Info:    Redeclaring math symbol \nleftrightarrow on input line 232.

LaTeX Font Info:    Redeclaring math symbol \divideontimes on input line 233.
LaTeX Font Info:    Redeclaring math symbol \varnothing on input line 234.
LaTeX Font Info:    Redeclaring math symbol \nexists on input line 235.
LaTeX Font Info:    Redeclaring math symbol \Finv on input line 236.
LaTeX Font Info:    Redeclaring math symbol \Game on input line 237.
LaTeX Font Info:    Redeclaring math symbol \eth on input line 240.
LaTeX Font Info:    Redeclaring math symbol \eqsim on input line 241.
LaTeX Font Info:    Redeclaring math symbol \beth on input line 242.
LaTeX Font Info:    Redeclaring math symbol \gimel on input line 243.
LaTeX Font Info:    Redeclaring math symbol \daleth on input line 244.
LaTeX Font Info:    Redeclaring math symbol \lessdot on input line 245.
LaTeX Font Info:    Redeclaring math symbol \gtrdot on input line 246.
LaTeX Font Info:    Redeclaring math symbol \ltimes on input line 247.
LaTeX Font Info:    Redeclaring math symbol \rtimes on input line 248.
LaTeX Font Info:    Redeclaring math symbol \shortmid on input line 249.
LaTeX Font Info:    Redeclaring math symbol \shortparallel on input line 250.
LaTeX Font Info:    Redeclaring math symbol \smallsetminus on input line 251.
LaTeX Font Info:    Redeclaring math symbol \thicksim on input line 252.
LaTeX Font Info:    Redeclaring math symbol \thickapprox on input line 253.
LaTeX Font Info:    Redeclaring math symbol \approxeq on input line 254.
LaTeX Font Info:    Redeclaring math symbol \succapprox on input line 255.
LaTeX Font Info:    Redeclaring math symbol \precapprox on input line 256.
LaTeX Font Info:    Redeclaring math symbol \curvearrowleft on input line 257.
LaTeX Font Info:    Redeclaring math symbol \curvearrowright on input line 258.

LaTeX Font Info:    Redeclaring math symbol \digamma on input line 259.
LaTeX Font Info:    Redeclaring math symbol \varkappa on input line 260.
LaTeX Font Info:    Redeclaring math symbol \Bbbk on input line 261.
LaTeX Font Info:    Redeclaring math symbol \hslash on input line 262.
LaTeX Font Info:    Redeclaring math symbol \backepsilon on input line 265.
)
(C:\Users\fanxeeng\AppData\Local\Programs\MiKTeX 2.9\tex/latex/algorithms\algor
ithmic.sty
Package: algorithmic 2009/08/24 v0.1 Document Style `algorithmic'

(C:\Users\fanxeeng\AppData\Local\Programs\MiKTeX 2.9\tex/latex/base\ifthen.sty
Package: ifthen 2020/11/24 v1.1c Standard LaTeX ifthen package (DPC)
)
\c@ALC@unique=\count280
\c@ALC@line=\count281
\c@ALC@rem=\count282
\c@ALC@depth=\count283
\ALC@tlm=\skip57
\algorithmicindent=\skip58
)
(C:\Users\fanxeeng\AppData\Local\Programs\MiKTeX 2.9\tex/latex/base\textcomp.st
y
Package: textcomp 2020/02/02 v2.0n Standard LaTeX package
)
(C:\Users\fanxeeng\AppData\Local\Programs\MiKTeX 2.9\tex/latex/xcolor\xcolor.st
y
Package: xcolor 2016/05/11 v2.12 LaTeX color extensions (UK)

(C:\Users\fanxeeng\AppData\Local\Programs\MiKTeX 2.9\tex/latex/graphics-cfg\col
or.cfg
File: color.cfg 2016/01/02 v1.6 sample color configuration
)
Package xcolor Info: Driver file: pdftex.def on input line 225.
Package xcolor Info: Model `cmy' substituted by `cmy0' on input line 1348.
Package xcolor Info: Model `hsb' substituted by `rgb' on input line 1352.
Package xcolor Info: Model `RGB' extended on input line 1364.
Package xcolor Info: Model `HTML' substituted by `rgb' on input line 1366.
Package xcolor Info: Model `Hsb' substituted by `hsb' on input line 1367.
Package xcolor Info: Model `tHsb' substituted by `hsb' on input line 1368.
Package xcolor Info: Model `HSB' substituted by `hsb' on input line 1369.
Package xcolor Info: Model `Gray' substituted by `gray' on input line 1370.
Package xcolor Info: Model `wave' substituted by `hsb' on input line 1371.
)
(C:\Users\fanxeeng\AppData\Local\Programs\MiKTeX 2.9\tex/latex/caption\subcapti
on.sty
Package: subcaption 2020/10/07 v1.3j Sub-captions (AR)

(C:\Users\fanxeeng\AppData\Local\Programs\MiKTeX 2.9\tex/latex/caption\caption.
sty
Package: caption 2020/10/26 v3.5g Customizing captions (AR)

(C:\Users\fanxeeng\AppData\Local\Programs\MiKTeX 2.9\tex/latex/caption\caption3
.sty
Package: caption3 2020/10/21 v2.2e caption3 kernel (AR)
\captionmargin=\dimen163
\captionmargin@=\dimen164
\captionwidth=\dimen165
\caption@tempdima=\dimen166
\caption@indent=\dimen167
\caption@parindent=\dimen168
\caption@hangindent=\dimen169
Package caption Info: elsarticle document class detected.

(C:\Users\fanxeeng\AppData\Local\Programs\MiKTeX 2.9\tex/latex/caption\caption-
elsarticle.sto
File: caption-elsarticle.sto 2020/08/22 v2.0 Adaption of the caption package to
 the elsarticle document class (AR)
))
\c@caption@flags=\count284
\c@continuedfloat=\count285
)
\c@subfigure=\count286
\c@subtable=\count287
)
(C:\Users\fanxeeng\AppData\Local\Programs\MiKTeX 2.9\tex/latex/algorithms\algor
ithm.sty
Package: algorithm 2009/08/24 v0.1 Document Style `algorithm' - floating enviro
nment

(C:\Users\fanxeeng\AppData\Local\Programs\MiKTeX 2.9\tex/latex/float\float.sty
Package: float 2001/11/08 v1.3d Float enhancements (AL)
\c@float@type=\count288
\float@exts=\toks25
\float@box=\box59
\@float@everytoks=\toks26
\@floatcapt=\box60
)
\@float@every@algorithm=\toks27
\c@algorithm=\count289
) (C:\Users\fanxeeng\AppData\Local\Programs\MiKTeX 2.9\tex/latex/url\url.sty
\Urlmuskip=\muskip17
Package: url 2013/09/16  ver 3.4  Verb mode for urls, etc.
)
(C:\Users\fanxeeng\AppData\Local\Programs\MiKTeX 2.9\tex/latex/preprint\balance
.sty
Package: balance 1999/02/23 4.3 (PWD)
\oldvsize=\dimen170
)
(C:\Users\fanxeeng\AppData\Local\Programs\MiKTeX 2.9\tex/latex/sttools\stfloats
.sty
Package: stfloats 2017/03/27 v3.3 Improve float mechanism and baselineskip sett
ings
\@dblbotnum=\count290
\c@dblbotnumber=\count291
)
(C:\Users\fanxeeng\AppData\Local\Programs\MiKTeX 2.9\tex/latex/siunitx\siunitx.
sty
Package: siunitx 2021-10-15 v3.0.33 A comprehensive (SI) units package
\l__siunitx_angle_tmp_dim=\dimen171
\l__siunitx_angle_marker_box=\box61
\l__siunitx_angle_unit_box=\box62
\l__siunitx_compound_count_int=\count292

(C:\Users\fanxeeng\AppData\Local\Programs\MiKTeX 2.9\tex/latex/translations\tra
nslations.sty
Package: translations 2021/01/17 v1.10a internationalization of LaTeX2e package
s (CN)

(C:\Users\fanxeeng\AppData\Local\Programs\MiKTeX 2.9\tex/generic/pdftexcmds\pdf
texcmds.sty
Package: pdftexcmds 2020-06-27 v0.33 Utility functions of pdfTeX for LuaTeX (HO
)

(C:\Users\fanxeeng\AppData\Local\Programs\MiKTeX 2.9\tex/generic/infwarerr\infw
arerr.sty
Package: infwarerr 2019/12/03 v1.5 Providing info/warning/error messages (HO)
)
(C:\Users\fanxeeng\AppData\Local\Programs\MiKTeX 2.9\tex/generic/ltxcmds\ltxcmd
s.sty
Package: ltxcmds 2020-05-10 v1.25 LaTeX kernel commands for general use (HO)
)
Package pdftexcmds Info: \pdf@primitive is available.
Package pdftexcmds Info: \pdf@ifprimitive is available.
Package pdftexcmds Info: \pdfdraftmode found.
))
\l__siunitx_number_exponent_fixed_int=\count293
\l__siunitx_number_min_decimal_int=\count294
\l__siunitx_number_min_integer_int=\count295
\l__siunitx_number_round_precision_int=\count296
\l__siunitx_number_group_minimum_int=\count297
\l__siunitx_table_tmp_box=\box63
\l__siunitx_table_tmp_dim=\dimen172
\l__siunitx_table_column_width_dim=\dimen173
\l__siunitx_table_integer_box=\box64
\l__siunitx_table_decimal_box=\box65
\l__siunitx_table_before_box=\box66
\l__siunitx_table_after_box=\box67
\l__siunitx_table_before_dim=\dimen174
\l__siunitx_table_carry_dim=\dimen175
\l__siunitx_unit_tmp_int=\count298
\l__siunitx_unit_position_int=\count299
\l__siunitx_unit_total_int=\count300

(C:\Users\fanxeeng\AppData\Local\Programs\MiKTeX 2.9\tex/latex/l3packages/l3key
s2e\l3keys2e.sty
Package: l3keys2e 2021-08-27 LaTeX2e option processing using LaTeX3 keys
)
(C:\Users\fanxeeng\AppData\Local\Programs\MiKTeX 2.9\tex/latex/tools\array.sty
Package: array 2021/04/20 v2.5e Tabular extension package (FMi)
\col@sep=\dimen176
\ar@mcellbox=\box68
\extrarowheight=\dimen177
\NC@list=\toks28
\extratabsurround=\skip59
\backup@length=\skip60
\ar@cellbox=\box69
))
(C:\Users\fanxeeng\AppData\Local\Programs\MiKTeX 2.9\tex/latex/graphics\rotatin
g.sty
Package: rotating 2016/08/11 v2.16d rotated objects in LaTeX
\c@r@tfl@t=\count301
\rotFPtop=\skip61
\rotFPbot=\skip62
\rot@float@box=\box70
\rot@mess@toks=\toks29
)
(C:\Users\fanxeeng\AppData\Local\Programs\MiKTeX 2.9\tex/latex/multirow\multiro
w.sty
Package: multirow 2021/03/15 v2.8 Span multiple rows of a table
\multirow@colwidth=\skip63
\multirow@cntb=\count302
\multirow@dima=\skip64
\bigstrutjot=\dimen178
)
(C:\Users\fanxeeng\AppData\Local\Programs\MiKTeX 2.9\tex/latex/booktabs\booktab
s.sty
Package: booktabs 2020/01/12 v1.61803398 Publication quality tables
\heavyrulewidth=\dimen179
\lightrulewidth=\dimen180
\cmidrulewidth=\dimen181
\belowrulesep=\dimen182
\belowbottomsep=\dimen183
\aboverulesep=\dimen184
\abovetopsep=\dimen185
\cmidrulesep=\dimen186
\cmidrulekern=\dimen187
\defaultaddspace=\dimen188
\@cmidla=\count303
\@cmidlb=\count304
\@aboverulesep=\dimen189
\@belowrulesep=\dimen190
\@thisruleclass=\count305
\@lastruleclass=\count306
\@thisrulewidth=\dimen191
)
(C:\Users\fanxeeng\AppData\Local\Programs\MiKTeX 2.9\tex/latex/multirow\bigstru
t.sty
Package: bigstrut 2021/03/15 v2.8 Provide larger struts in tabulars
)
(C:\Users\fanxeeng\AppData\Local\Programs\MiKTeX 2.9\tex/latex/sttools\flushend
.sty
Package: flushend 2021/10/04 v4.0 Balancing columns in twocolumn mode
\flushend@@lastskip@a=\skip65
\flushend@@lastskip@b=\skip66
\flushend@@lastnode=\count307
\var@@loop@iter=\count308
\var@@temp@spread=\dimen192
\var@@temp@a=\dimen193
\var@@temp@loop=\dimen194
\flushend@@page@rule=\dimen195
\flushend@@varbox@lastpage=\box71
\flushend@@varbox@a=\box72
\flushend@@varbox@c=\box73
\flushend@@tempbox@a=\box74
\flushend@@tempbox@c=\box75
\flushend@@floatbox=\box76
\@viper=\box77
\hold@viper=\box78
\atColsBreak=\toks30
\atColsEnd=\toks31
\oldbreak@skip=\dimen196
)
(C:\Users\fanxeeng\AppData\Local\Programs\MiKTeX 2.9\tex/latex/mathtools\mathto
ols.sty
Package: mathtools 2021/04/12 v1.27 mathematical typesetting tools

(C:\Users\fanxeeng\AppData\Local\Programs\MiKTeX 2.9\tex/latex/tools\calc.sty
Package: calc 2017/05/25 v4.3 Infix arithmetic (KKT,FJ)
\calc@Acount=\count309
\calc@Bcount=\count310
\calc@Adimen=\dimen197
\calc@Bdimen=\dimen198
\calc@Askip=\skip67
\calc@Bskip=\skip68
LaTeX Info: Redefining \setlength on input line 80.
LaTeX Info: Redefining \addtolength on input line 81.
\calc@Ccount=\count311
\calc@Cskip=\skip69
)
(C:\Users\fanxeeng\AppData\Local\Programs\MiKTeX 2.9\tex/latex/mathtools\mhsetu
p.sty
Package: mhsetup 2021/03/18 v1.4 programming setup (MH)
)
LaTeX Info: Thecontrolsequence`\('isalreadyrobust on input line 130.
LaTeX Info: Thecontrolsequence`\)'isalreadyrobust on input line 130.
LaTeX Info: Thecontrolsequence`\['isalreadyrobust on input line 130.
LaTeX Info: Thecontrolsequence`\]'isalreadyrobust on input line 130.
\g_MT_multlinerow_int=\count312
\l_MT_multwidth_dim=\dimen199
\origjot=\skip70
\l_MT_shortvdotswithinadjustabove_dim=\dimen256
\l_MT_shortvdotswithinadjustbelow_dim=\dimen257
\l_MT_above_intertext_sep=\dimen258
\l_MT_below_intertext_sep=\dimen259
\l_MT_above_shortintertext_sep=\dimen260
\l_MT_below_shortintertext_sep=\dimen261
\xmathstrut@box=\box79
\xmathstrut@dim=\dimen262
)
(C:\Users\fanxeeng\AppData\Local\Programs\MiKTeX 2.9\tex/latex/sttools\cuted.st
y
Package: cuted 2021/10/04 v2.0 Mixing onecolumn and twocolumn modes
\At@ViperColsBreak=\toks32
\preCutedStrip=\toks33
\postCutedStrip=\toks34
\cuted@@tempbox@a=\box80
\cuted@@tempbox@c=\box81
\cuted@@tempbox@var=\box82
\cuted@@varbox@a=\box83
\cuted@@varbox@c=\box84
\cuted@@tempdim@spread=\dimen263
\cuted@@tempdim@a=\dimen264
\cuted@@tempdim@b=\dimen265
\ht@hold@viper=\dimen266
\ht@viper=\dimen267
\var@@pagediscards@ht=\dimen268
\stripsep=\skip71
\viper@penalty=\count313
)
Package translations Info: No language package found. I am going to use `englis
h' as default language. on input line 51.
LaTeX Font Info:    Trying to load font information for OT1+txr on input line 5
1.

(C:\Users\fanxeeng\AppData\Local\Programs\MiKTeX 2.9\tex/latex/txfonts\ot1txr.f
d
File: ot1txr.fd 2000/12/15 v3.1
) (SIMPOR-Elsevier.aux)
\openout1 = `SIMPOR-Elsevier.aux'.

LaTeX Font Info:    Checking defaults for OML/txmi/m/it on input line 51.
LaTeX Font Info:    Trying to load font information for OML+txmi on input line 
51.

(C:\Users\fanxeeng\AppData\Local\Programs\MiKTeX 2.9\tex/latex/txfonts\omltxmi.
fd
File: omltxmi.fd 2000/12/15 v3.1
)
LaTeX Font Info:    ... okay on input line 51.
LaTeX Font Info:    Checking defaults for OMS/txsy/m/n on input line 51.
LaTeX Font Info:    Trying to load font information for OMS+txsy on input line 
51.

(C:\Users\fanxeeng\AppData\Local\Programs\MiKTeX 2.9\tex/latex/txfonts\omstxsy.
fd
File: omstxsy.fd 2000/12/15 v3.1
)
LaTeX Font Info:    ... okay on input line 51.
LaTeX Font Info:    Checking defaults for OT1/cmr/m/n on input line 51.
LaTeX Font Info:    ... okay on input line 51.
LaTeX Font Info:    Checking defaults for T1/cmr/m/n on input line 51.
LaTeX Font Info:    ... okay on input line 51.
LaTeX Font Info:    Checking defaults for TS1/cmr/m/n on input line 51.
LaTeX Font Info:    ... okay on input line 51.
LaTeX Font Info:    Checking defaults for OMX/txex/m/n on input line 51.
LaTeX Font Info:    Trying to load font information for OMX+txex on input line 
51.

(C:\Users\fanxeeng\AppData\Local\Programs\MiKTeX 2.9\tex/latex/txfonts\omxtxex.
fd
File: omxtxex.fd 2000/12/15 v3.1
)
LaTeX Font Info:    ... okay on input line 51.
LaTeX Font Info:    Checking defaults for U/txexa/m/n on input line 51.
LaTeX Font Info:    Trying to load font information for U+txexa on input line 5
1.

(C:\Users\fanxeeng\AppData\Local\Programs\MiKTeX 2.9\tex/latex/txfonts\utxexa.f
d
File: utxexa.fd 2000/12/15 v3.1
)
LaTeX Font Info:    ... okay on input line 51.

(C:\Users\fanxeeng\AppData\Local\Programs\MiKTeX 2.9\tex/context/base/mkii\supp
-pdf.mkii
[Loading MPS to PDF converter (version 2006.09.02).]
\scratchcounter=\count314
\scratchdimen=\dimen269
\scratchbox=\box85
\nofMPsegments=\count315
\nofMParguments=\count316
\everyMPshowfont=\toks35
\MPscratchCnt=\count317
\MPscratchDim=\dimen270
\MPnumerator=\count318
\makeMPintoPDFobject=\count319
\everyMPtoPDFconversion=\toks36
)
(C:\Users\fanxeeng\AppData\Local\Programs\MiKTeX 2.9\tex/latex/epstopdf-pkg\eps
topdf-base.sty
Package: epstopdf-base 2020-01-24 v2.11 Base part for package epstopdf
Package epstopdf-base Info: Redefining graphics rule for `.eps' on input line 4
85.

(C:\Users\fanxeeng\AppData\Local\Programs\MiKTeX 2.9\tex/latex/00miktex\epstopd
f-sys.cfg
File: epstopdf-sys.cfg 2021/03/18 v2.0 Configuration of epstopdf for MiKTeX
))
*geometry* driver: auto-detecting
*geometry* detected driver: pdftex
*geometry* verbose mode - [ preamble ] result:
* driver: pdftex
* paper: custom
* layout: <same size as paper>
* layoutoffset:(h,v)=(0.0pt,0.0pt)
* hratio: 1:1
* vratio: 1:1
* modes: 
* h-part:(L,W,R)=(37.75394pt, 522.0pt, 37.75394pt)
* v-part:(T,H,B)=(81.52342pt, 682.0pt, 81.52342pt)
* \paperwidth=597.50787pt
* \paperheight=845.04684pt
* \textwidth=522.0pt
* \textheight=682.0pt
* \oddsidemargin=-34.51605pt
* \evensidemargin=-34.51605pt
* \topmargin=-52.74657pt
* \headheight=50.0pt
* \headsep=12.0pt
* \topskip=10.0pt
* \footskip=18.0pt
* \marginparwidth=4.0pt
* \marginparsep=10.0pt
* \columnsep=18.0pt
* \skip\footins=24.0pt plus 2.0pt minus 12.0pt
* \hoffset=0.0pt
* \voffset=0.0pt
* \mag=1000
* \@twocolumntrue
* \@twosidefalse
* \@mparswitchfalse
* \@reversemarginfalse
* (1in=72.27pt=25.4mm, 1cm=28.453pt)

Package caption Info: Begin \AtBeginDocument code.
Package caption Info: float package is loaded.
Package caption Info: rotating package is loaded.
Package caption Info: End \AtBeginDocument code.

(C:\Users\fanxeeng\AppData\Local\Programs\MiKTeX 2.9\tex/latex/translations/dic
ts\translations-basic-dictionary-english.trsl
File: translations-basic-dictionary-english.trsl (english translation file `tra
nslations-basic-dictionary')
)
Package translations Info: loading dictionary `translations-basic-dictionary' f
or `english'. on input line 51.
LaTeX Font Info:    Font shape `OT1/txr/b/n' in size <10> not available
(Font)              Font shape `OT1/txr/bx/n' tried instead on input line 73.
LaTeX Font Info:    Trying to load font information for U+txmia on input line 8
4.

(C:\Users\fanxeeng\AppData\Local\Programs\MiKTeX 2.9\tex/latex/txfonts\utxmia.f
d
File: utxmia.fd 2000/12/15 v3.1
)
LaTeX Font Info:    Trying to load font information for U+msa on input line 84.


(C:\Users\fanxeeng\AppData\Local\Programs\MiKTeX 2.9\tex/latex/amsfonts\umsa.fd
File: umsa.fd 2013/01/14 v3.01 AMS symbols A
)
LaTeX Font Info:    Trying to load font information for U+msb on input line 84.


(C:\Users\fanxeeng\AppData\Local\Programs\MiKTeX 2.9\tex/latex/amsfonts\umsb.fd
File: umsb.fd 2013/01/14 v3.01 AMS symbols B
)
LaTeX Font Info:    Trying to load font information for U+txsyc on input line 8
4.

(C:\Users\fanxeeng\AppData\Local\Programs\MiKTeX 2.9\tex/latex/txfonts\utxsyc.f
d
File: utxsyc.fd 2000/12/15 v3.1
)
Overfull \hbox (1.90001pt too wide) has occurred while \output is active
[] 
 []

[1{C:/Users/fanxeeng/AppData/Local/MiKTeX/2.9/pdftex/config/pdftex.map}


]
Underfull \hbox (badness 10000) in paragraph at lines 136--137

 []

[2]

pdfTeX warning: pdflatex.exe (file ./Figures/proplem.pdf): PDF inclusion: found
 PDF version <1.7>, but at most version <1.5> allowed
<Figures/proplem.pdf, id=13, 963.6pt x 542.025pt>
File: Figures/proplem.pdf Graphic file (type pdf)
<use Figures/proplem.pdf>
Package pdftex.def Info: Figures/proplem.pdf  used on input line 163.
(pdftex.def)             Requested size: 252.0pt x 194.40468pt.
(Sec.Methodology.tex [3 <./Figures/proplem.pdf>]
LaTeX Font Info:    Font shape `OT1/txr/b/it' in size <10> not available
(Font)              Font shape `OT1/txr/bx/it' tried instead on input line 33.
 [4]

pdfTeX warning: pdflatex.exe (file ./Figures/MaxPosteriorRatio/sphere_maxF.pdf)
: PDF inclusion: found PDF version <1.7>, but at most version <1.5> allowed
<Figures/MaxPosteriorRatio/sphere_maxF.pdf, id=56, 963.6pt x 542.025pt>
File: Figures/MaxPosteriorRatio/sphere_maxF.pdf Graphic file (type pdf)
<use Figures/MaxPosteriorRatio/sphere_maxF.pdf>
Package pdftex.def Info: Figures/MaxPosteriorRatio/sphere_maxF.pdf  used on inp
ut line 66.
(pdftex.def)             Requested size: 252.0pt x 183.2728pt.
LaTeX Font Info:    Trying to load font information for OMS+txr on input line 1
36.

(C:\Users\fanxeeng\AppData\Local\Programs\MiKTeX 2.9\tex/latex/txfonts\omstxr.f
d
File: omstxr.fd 2000/12/15 v3.1
)
LaTeX Font Info:    Font shape `OMS/txr/m/n' in size <10> not available
(Font)              Font shape `OMS/txsy/m/n' tried instead on input line 136.
) (Sec.Complexity.tex [5 <./Figures/MaxPosteriorRatio/sphere_maxF.pdf>])
(Sec.Experiments.tex

LaTeX Warning: No positions in optional float specifier.
               Default added (so using `tbp') on input line 8.

[6]
<Figures/moon/RawData.jpg, id=85, 433.62pt x 289.08pt>
File: Figures/moon/RawData.jpg Graphic file (type jpg)
<use Figures/moon/RawData.jpg>
Package pdftex.def Info: Figures/moon/RawData.jpg  used on input line 44.
(pdftex.def)             Requested size: 156.6016pt x 104.39954pt.
<Figures/moon/SIMPOR_global1.jpg, id=86, 433.62pt x 289.08pt>
File: Figures/moon/SIMPOR_global1.jpg Graphic file (type jpg)
<use Figures/moon/SIMPOR_global1.jpg>
Package pdftex.def Info: Figures/moon/SIMPOR_global1.jpg  used on input line 50
.
(pdftex.def)             Requested size: 156.6016pt x 104.39954pt.
<Figures/moon/SMOTE.jpg, id=87, 433.62pt x 289.08pt>
File: Figures/moon/SMOTE.jpg Graphic file (type jpg)
<use Figures/moon/SMOTE.jpg>
Package pdftex.def Info: Figures/moon/SMOTE.jpg  used on input line 56.
(pdftex.def)             Requested size: 156.6016pt x 104.39954pt.
<Figures/moon/OverSampling.jpg, id=88, 433.62pt x 289.08pt>
File: Figures/moon/OverSampling.jpg Graphic file (type jpg)
<use Figures/moon/OverSampling.jpg>
Package pdftex.def Info: Figures/moon/OverSampling.jpg  used on input line 62.
(pdftex.def)             Requested size: 156.6016pt x 104.39954pt.
<Figures/moon/BorderlineSMOTE.jpg, id=89, 433.62pt x 289.08pt>
File: Figures/moon/BorderlineSMOTE.jpg Graphic file (type jpg)
<use Figures/moon/BorderlineSMOTE.jpg>
Package pdftex.def Info: Figures/moon/BorderlineSMOTE.jpg  used on input line 6
8.
(pdftex.def)             Requested size: 156.6016pt x 104.39954pt.
<Figures/moon/AdaSYN.jpg, id=90, 433.62pt x 289.08pt>
File: Figures/moon/AdaSYN.jpg Graphic file (type jpg)
<use Figures/moon/AdaSYN.jpg>
Package pdftex.def Info: Figures/moon/AdaSYN.jpg  used on input line 74.
(pdftex.def)             Requested size: 156.6016pt x 104.39954pt.
 [7 <./Figures/moon/RawData.jpg> <./Figures/moon/SIMPOR_global1.jpg> <./Figures
/moon/SMOTE.jpg> <./Figures/moon/OverSampling.jpg> <./Figures/moon/BorderlineSM
OTE.jpg> <./Figures/moon/AdaSYN.jpg>]
<Figures/creditcard/PCA/RawData-data-run-0-0.jpg, id=95, 1084.05pt x 1084.05pt>

File: Figures/creditcard/PCA/RawData-data-run-0-0.jpg Graphic file (type jpg)
<use Figures/creditcard/PCA/RawData-data-run-0-0.jpg>
Package pdftex.def Info: Figures/creditcard/PCA/RawData-data-run-0-0.jpg  used 
on input line 171.
(pdftex.def)             Requested size: 156.6016pt x 156.59047pt.
<Figures/creditcard/PCA/RawData-data-run-0-0_DIST.jpg, id=96, 1204.5pt x 803.0p
t>
File: Figures/creditcard/PCA/RawData-data-run-0-0_DIST.jpg Graphic file (type j
pg)
<use Figures/creditcard/PCA/RawData-data-run-0-0_DIST.jpg>
Package pdftex.def Info: Figures/creditcard/PCA/RawData-data-run-0-0_DIST.jpg  
used on input line 172.
(pdftex.def)             Requested size: 156.6016pt x 100.67001pt.
<Figures/creditcard/PCA/SIMPOR-data-run-0-0.jpg, id=97, 1084.05pt x 1084.05pt>
File: Figures/creditcard/PCA/SIMPOR-data-run-0-0.jpg Graphic file (type jpg)
<use Figures/creditcard/PCA/SIMPOR-data-run-0-0.jpg>
Package pdftex.def Info: Figures/creditcard/PCA/SIMPOR-data-run-0-0.jpg  used o
n input line 183.
(pdftex.def)             Requested size: 156.6016pt x 156.59047pt.
<Figures/creditcard/PCA/SIMPOR-data-run-0-0_DIST.jpg, id=99, 1204.5pt x 803.0pt
>
File: Figures/creditcard/PCA/SIMPOR-data-run-0-0_DIST.jpg Graphic file (type jp
g)
<use Figures/creditcard/PCA/SIMPOR-data-run-0-0_DIST.jpg>
Package pdftex.def Info: Figures/creditcard/PCA/SIMPOR-data-run-0-0_DIST.jpg  u
sed on input line 184.
(pdftex.def)             Requested size: 156.6016pt x 100.67001pt.
<Figures/creditcard/PCA/SMOTE-data-run-0-0.jpg, id=101, 1084.05pt x 1084.05pt>
File: Figures/creditcard/PCA/SMOTE-data-run-0-0.jpg Graphic file (type jpg)
<use Figures/creditcard/PCA/SMOTE-data-run-0-0.jpg>
Package pdftex.def Info: Figures/creditcard/PCA/SMOTE-data-run-0-0.jpg  used on
 input line 195.
(pdftex.def)             Requested size: 156.6016pt x 156.59047pt.
<Figures/creditcard/PCA/SMOTE-data-run-0-0_DIST.jpg, id=103, 1204.5pt x 803.0pt
>
File: Figures/creditcard/PCA/SMOTE-data-run-0-0_DIST.jpg Graphic file (type jpg
)
<use Figures/creditcard/PCA/SMOTE-data-run-0-0_DIST.jpg>
Package pdftex.def Info: Figures/creditcard/PCA/SMOTE-data-run-0-0_DIST.jpg  us
ed on input line 196.
(pdftex.def)             Requested size: 156.6016pt x 100.67001pt.
<Figures/creditcard/PCA/ADASYN-data-run-0-0.jpg, id=105, 1084.05pt x 1084.05pt>

File: Figures/creditcard/PCA/ADASYN-data-run-0-0.jpg Graphic file (type jpg)
<use Figures/creditcard/PCA/ADASYN-data-run-0-0.jpg>
Package pdftex.def Info: Figures/creditcard/PCA/ADASYN-data-run-0-0.jpg  used o
n input line 207.
(pdftex.def)             Requested size: 156.6016pt x 156.59047pt.
<Figures/creditcard/PCA/ADASYN-data-run-0-0_DIST.jpg, id=107, 1204.5pt x 803.0p
t>
File: Figures/creditcard/PCA/ADASYN-data-run-0-0_DIST.jpg Graphic file (type jp
g)
<use Figures/creditcard/PCA/ADASYN-data-run-0-0_DIST.jpg>
Package pdftex.def Info: Figures/creditcard/PCA/ADASYN-data-run-0-0_DIST.jpg  u
sed on input line 208.
(pdftex.def)             Requested size: 156.6016pt x 100.67001pt.
<Figures/creditcard/PCA/BorderlineSMOTE-data-run-0-0.jpg, id=109, 1084.05pt x 1
084.05pt>
File: Figures/creditcard/PCA/BorderlineSMOTE-data-run-0-0.jpg Graphic file (typ
e jpg)
<use Figures/creditcard/PCA/BorderlineSMOTE-data-run-0-0.jpg>
Package pdftex.def Info: Figures/creditcard/PCA/BorderlineSMOTE-data-run-0-0.jp
g  used on input line 219.
(pdftex.def)             Requested size: 156.6016pt x 156.59047pt.
<Figures/creditcard/PCA/BorderlineSMOTE-data-run-0-0_DIST.jpg, id=111, 1204.5pt
 x 803.0pt>
File: Figures/creditcard/PCA/BorderlineSMOTE-data-run-0-0_DIST.jpg Graphic file
 (type jpg)
<use Figures/creditcard/PCA/BorderlineSMOTE-data-run-0-0_DIST.jpg>
Package pdftex.def Info: Figures/creditcard/PCA/BorderlineSMOTE-data-run-0-0_DI
ST.jpg  used on input line 220.
(pdftex.def)             Requested size: 156.6016pt x 100.67001pt.
<Figures/creditcard/PCA/Oversampling-data-run-0-0.jpg, id=113, 1084.05pt x 1084
.05pt>
File: Figures/creditcard/PCA/Oversampling-data-run-0-0.jpg Graphic file (type j
pg)
<use Figures/creditcard/PCA/Oversampling-data-run-0-0.jpg>
Package pdftex.def Info: Figures/creditcard/PCA/Oversampling-data-run-0-0.jpg  
used on input line 231.
(pdftex.def)             Requested size: 156.6016pt x 156.59047pt.
<Figures/creditcard/PCA/Oversampling-data-run-0-0_DIST.jpg, id=115, 1204.5pt x 
803.0pt>
File: Figures/creditcard/PCA/Oversampling-data-run-0-0_DIST.jpg Graphic file (t
ype jpg)
<use Figures/creditcard/PCA/Oversampling-data-run-0-0_DIST.jpg>
Package pdftex.def Info: Figures/creditcard/PCA/Oversampling-data-run-0-0_DIST.
jpg  used on input line 232.
(pdftex.def)             Requested size: 156.6016pt x 100.67001pt.


LaTeX Warning: `!h' float specifier changed to `!ht'.


Underfull \hbox (badness 1371) in paragraph at lines 291--292
\OT1/txr/m/n/10 de-fined as the ra-tio of in-ter-sec-tion be-tween 2 classes in

 []


Underfull \hbox (badness 5563) in paragraph at lines 293--294
[]\OT1/txr/m/n/10 While some tech-niques help to re-duce the hard-to-
 []

) (Sec.RelatedWork.tex [8]
Underfull \vbox (badness 10000) has occurred while \output is active []


Underfull \vbox (badness 10000) has occurred while \output is active []

 [9 <./Figures/creditcard/PCA/SIMPOR-data-run-0-0.jpg> <./Figures/creditcard/PC
A/SIMPOR-data-run-0-0_DIST.jpg> <./Figures/creditcard/PCA/SMOTE-data-run-0-0.jp
g> <./Figures/creditcard/PCA/SMOTE-data-run-0-0_DIST.jpg> <./Figures/creditcard
/PCA/ADASYN-data-run-0-0.jpg> <./Figures/creditcard/PCA/ADASYN-data-run-0-0_DIS
T.jpg> <./Figures/creditcard/PCA/BorderlineSMOTE-data-run-0-0.jpg> <./Figures/c
reditcard/PCA/BorderlineSMOTE-data-run-0-0_DIST.jpg> <./Figures/creditcard/PCA/
Oversampling-data-run-0-0.jpg> <./Figures/creditcard/PCA/Oversampling-data-run-
0-0_DIST.jpg> <./Figures/creditcard/PCA/RawData-data-run-0-0.jpg> <./Figures/cr
editcard/PCA/RawData-data-run-0-0_DIST.jpg>]
Underfull \vbox (badness 4454) has occurred while \output is active []

)
Underfull \vbox (badness 4454) has occurred while \output is active []

 [10]
(SIMPOR-Elsevier.bbl
Underfull \hbox (badness 1400) in paragraph at lines 190--194
\OT1/txr/m/n/8 vo-lu-tional neu-ral net-works for places2 scene recog-ni-tion. 
 \OT1/txr/m/it/8 CoRR\OT1/txr/m/n/8 ,
 []


Underfull \vbox (badness 10000) has occurred while \output is active []

 [11])
[leftcolumn badness]: 1000000 on 9.34pt
[rightcolumn badness]: 1000000 on 9.34pt
[leftcolumn badness]: 1000000 on 9.34pt
[rightcolumn badness]: 1000000 on 9.34pt
[leftcolumn badness]: 1000000 on 9.34pt
[rightcolumn badness]: 1000000 on 9.34pt
[leftcolumn badness]: 1000000 on 9.34pt
[rightcolumn badness]: 1000000 on 9.34pt
[leftcolumn badness]: 1000000 on 9.34pt
[rightcolumn badness]: 1000000 on 9.34pt
- LAST -
Extra skip:10.112pt
Left:38.5pt/1.73999pt
Right:29.0pt/1.12799pt
Split: 38.5pt
Output:38.5pt
Pageshrink: 0.0pt
Pagestretch: 0.0pt
@colht:682.0pt
FLUSHEND [output]: 38.5pt
FLUSHEND [leftcolumn badness]: 0
FUSHEND [rightcolumn badness]: 10000

[12] (SIMPOR-Elsevier.aux) ) 
Here is how much of TeX's memory you used:
 12026 strings out of 478873
 244997 string characters out of 2846902
 537606 words of memory out of 3000000
 29677 multiletter control sequences out of 15000+600000
 439955 words of font info for 110 fonts, out of 8000000 for 9000
 1141 hyphenation exceptions out of 8191
 73i,13n,81p,1909b,689s stack positions out of 5000i,500n,10000p,200000b,80000s
{C:/Users/fanxeeng/AppData/Local/Programs/MiKTeX 2.
9/fonts/enc/dvips/base/8r.enc}<C:/Users/fanxeeng/AppData/Local/Programs/MiKTeX 
2.9/fonts/type1/public/amsfonts/cm/cmtt8.pfb><C:/Users/fanxeeng/AppData/Local/P
rograms/MiKTeX 2.9/fonts/type1/public/amsfonts/symbols/msbm10.pfb><C:/Users/fan
xeeng/AppData/Local/Programs/MiKTeX 2.9/fonts/type1/public/txfonts/rtxi.pfb><C:
/Users/fanxeeng/AppData/Local/Programs/MiKTeX 2.9/fonts/type1/public/txfonts/rt
xmi.pfb><C:/Users/fanxeeng/AppData/Local/Programs/MiKTeX 2.9/fonts/type1/public
/txfonts/rtxr.pfb><C:/Users/fanxeeng/AppData/Local/Programs/MiKTeX 2.9/fonts/ty
pe1/public/txfonts/txex.pfb><C:/Users/fanxeeng/AppData/Local/Programs/MiKTeX 2.
9/fonts/type1/public/txfonts/txsy.pfb><C:/Users/fanxeeng/AppData/Local/Programs
/MiKTeX 2.9/fonts/type1/urw/times/utmb8a.pfb><C:/Users/fanxeeng/AppData/Local/P
rograms/MiKTeX 2.9/fonts/type1/urw/times/utmbi8a.pfb><C:/Users/fanxeeng/AppData
/Local/Programs/MiKTeX 2.9/fonts/type1/urw/times/utmr8a.pfb><C:/Users/fanxeeng/
AppData/Local/Programs/MiKTeX 2.9/fonts/type1/urw/times/utmri8a.pfb>
Output written on SIMPOR-Elsevier.pdf (12 pages, 1464243 bytes).
PDF statistics:
 190 PDF objects out of 1000 (max. 8388607)
 0 named destinations out of 1000 (max. 500000)
 173 words of extra memory for PDF output out of 10000 (max. 10000000)

